<?xml version="1.0" encoding="UTF-8"?>
<testsuite xmlns:xsi="http://www.w3.org/2001/XMLSchema-instance" xsi:noNamespaceSchemaLocation="https://maven.apache.org/surefire/maven-surefire-plugin/xsd/surefire-test-report-3.0.xsd" version="3.0" name="TestSuite" time="6.048" tests="3" errors="0" skipped="0" failures="0">
  <properties>
[...]
</properties>
  <testcase name="runScenario[&quot;Searching for Toledo gives a AbstractSource from Wikipedia&quot;, &quot;api search of duckduckgo feature&quot;](1)" classname="Runner.TestNGCucumberRunner" time="1.192">
    <system-out><![CDATA[
@api
Scenario: Searching for Toledo gives a AbstractSource from Wikipedia        &amp#27;[90m# src/test/resources/Features/searchApi.feature:4&amp#27;[0m
  &amp#27;[32mGiven &amp#27;[0m&amp#27;[32mthe user wants to search for the term &amp#27;[0m&amp#27;[32m&amp#27;[1m"Toledo"&amp#27;[0m                      &amp#27;[90m# Steps.ApiSearchStepsDefinition.the_user_wants_to_search_for_the_term(java.lang.String)&amp#27;[0m
Request method:	GET
Request URI:	https://api.duckduckgo.com/?q=Toledo&format=json
Proxy:			<none>
Request params:	<none>
Query params:	q=Toledo
				format=json
Form params:	<none>
Path params:	<none>
Headers:		Accept=*/*
				Content-Type=application/json; charset=UTF-8
Cookies:		<none>
Multiparts:		<none>
Body:			<none>
HTTP/1.1 202 Accepted
Server: nginx
Date: Sat, 02 Aug 2025 23:00:42 GMT
Content-Type: application/x-javascript
Transfer-Encoding: chunked
Connection: keep-alive
Access-Control-Allow-Origin: *
Server-Timing: total;dur=80;desc="Backend Total [n]"
X-Robots-Tag: noindex
Strict-Transport-Security: max-age=31536000
Permissions-Policy: interest-cohort=()
Content-Security-Policy: default-src 'none' ; connect-src  https://duckduckgo.com https://*.duckduckgo.com https://duckduckgogg42xjoc72x3sjasowoarfbgcmvfimaftt6twagswzczad.onion/ https://spreadprivacy.com ; manifest-src  https://duckduckgo.com https://*.duckduckgo.com https://duckduckgogg42xjoc72x3sjasowoarfbgcmvfimaftt6twagswzczad.onion/ https://spreadprivacy.com ; media-src  https://duckduckgo.com https://*.duckduckgo.com https://duckduckgogg42xjoc72x3sjasowoarfbgcmvfimaftt6twagswzczad.onion/ https://spreadprivacy.com ; script-src blob:  https://duckduckgo.com https://*.duckduckgo.com https://duckduckgogg42xjoc72x3sjasowoarfbgcmvfimaftt6twagswzczad.onion/ https://spreadprivacy.com 'unsafe-inline' 'unsafe-eval' ; font-src data:  https://duckduckgo.com https://*.duckduckgo.com https://duckduckgogg42xjoc72x3sjasowoarfbgcmvfimaftt6twagswzczad.onion/ https://spreadprivacy.com ; img-src data:  https://duckduckgo.com https://*.duckduckgo.com https://duckduckgogg42xjoc72x3sjasowoarfbgcmvfimaftt6twagswzczad.onion/ https://spreadprivacy.com ; style-src  https://duckduckgo.com https://*.duckduckgo.com https://duckduckgogg42xjoc72x3sjasowoarfbgcmvfimaftt6twagswzczad.onion/ https://spreadprivacy.com 'unsafe-inline' ; object-src 'none' ; worker-src blob: ; child-src blob:  https://duckduckgo.com https://*.duckduckgo.com https://duckduckgogg42xjoc72x3sjasowoarfbgcmvfimaftt6twagswzczad.onion/ https://spreadprivacy.com ; frame-src blob:  https://duckduckgo.com https://*.duckduckgo.com https://duckduckgogg42xjoc72x3sjasowoarfbgcmvfimaftt6twagswzczad.onion/ https://spreadprivacy.com ; form-action  https://duckduckgo.com https://*.duckduckgo.com https://duckduckgogg42xjoc72x3sjasowoarfbgcmvfimaftt6twagswzczad.onion/ https://spreadprivacy.com ; frame-ancestors 'self' https://html.duckduckgo.com; base-uri 'self' ; block-all-mixed-content ;
X-Frame-Options: SAMEORIGIN
X-XSS-Protection: 1;mode=block
X-Content-Type-Options: nosniff
Referrer-Policy: origin
Expect-CT: max-age=0

{"Abstract":"","AbstractSource":"Wikipedia","AbstractText":"","AbstractURL":"https://en.wikipedia.org/wiki/Toledo","Answer":"","AnswerType":"","Definition":"","DefinitionSource":"","DefinitionURL":"","Entity":"","Heading":"Toledo","Image":"","ImageHeight":0,"ImageIsLogo":0,"ImageWidth":0,"Infobox":"","Redirect":"","RelatedTopics":[{"FirstURL":"https://duckduckgo.com/Toledo%2C_Spain","Icon":{"Height":"","URL":"/i/569cd113.jpg","Width":""},"Result":"<a href=\"https://duckduckgo.com/Toledo%2C_Spain\">Toledo, Spain</a>A city and municipality of Spain, the capital of the province of Toledo and the de jure seat of...","Text":"Toledo, Spain A city and municipality of Spain, the capital of the province of Toledo and the de jure seat of..."},{"FirstURL":"https://duckduckgo.com/Toledo%2C_Ohio","Icon":{"Height":"","URL":"/i/11333977.jpg","Width":""},"Result":"<a href=\"https://duckduckgo.com/Toledo%2C_Ohio\">Toledo, Ohio</a>A city in Lucas County, Ohio, United States, and its county seat.","Text":"Toledo, Ohio A city in Lucas County, Ohio, United States, and its county seat."},{"FirstURL":"https://duckduckgo.com/University_of_Toledo","Icon":{"Height":"","URL":"/i/fe1e997f.png","Width":""},"Result":"<a href=\"https://duckduckgo.com/University_of_Toledo\">University of Toledo</a>A public research university in Toledo, Ohio, United States.","Text":"University of Toledo A public research university in Toledo, Ohio, United States."},{"FirstURL":"https://duckduckgo.com/Province_of_Toledo","Icon":{"Height":"","URL":"/i/b341ccae.png","Width":""},"Result":"<a href=\"https://duckduckgo.com/Province_of_Toledo\">Province of Toledo</a>A province of central Spain, in the western part of the autonomous community of Castile\u2013La Mancha.","Text":"Province of Toledo A province of central Spain, in the western part of the autonomous community of Castile\u2013La Mancha."},{"Name":"Places","Topics":[{"FirstURL":"https://duckduckgo.com/Toledo_District","Icon":{"Height":"","URL":"","Width":""},"Result":"<a href=\"https://duckduckgo.com/Toledo_District\">Toledo District</a>The southernmost and least populated district in Belize. Punta Gorda is the District capital.","Text":"Toledo District The southernmost and least populated district in Belize. Punta Gorda is the District capital."},{"FirstURL":"https://duckduckgo.com/Toledo_Settlement","Icon":{"Height":"","URL":"","Width":""},"Result":"<a href=\"https://duckduckgo.com/Toledo_Settlement\">Toledo Settlement</a>A town in Belize's Toledo District.","Text":"Toledo Settlement A town in Belize's Toledo District."},{"FirstURL":"https://duckduckgo.com/Toledo%2C_Oruro","Icon":{"Height":"","URL":"","Width":""},"Result":"<a href=\"https://duckduckgo.com/Toledo%2C_Oruro\">Toledo, Oruro</a>A small town in Bolivia.","Text":"Toledo, Oruro A small town in Bolivia."},{"FirstURL":"https://duckduckgo.com/Toledo%2C_Minas_Gerais","Icon":{"Height":"","URL":"","Width":""},"Result":"<a href=\"https://duckduckgo.com/Toledo%2C_Minas_Gerais\">Toledo, Minas Gerais</a>A municipality in the state of Minas Gerais in the Southeast region of Brazil.","Text":"Toledo, Minas Gerais A municipality in the state of Minas Gerais in the Southeast region of Brazil."},{"FirstURL":"https://duckduckgo.com/Toledo%2C_Paran%C3%A1","Icon":{"Height":"","URL":"/i/69f4bd6f.png","Width":""},"Result":"<a href=\"https://duckduckgo.com/Toledo%2C_Paran%C3%A1\">Toledo, Paran\u00e1</a>A municipality in the Brazilian state of Paran\u00e1.","Text":"Toledo, Paran\u00e1 A municipality in the Brazilian state of Paran\u00e1."},{"FirstURL":"https://duckduckgo.com/Toledo%2C_Norte_de_Santander","Icon":{"Height":"","URL":"/i/615067f3.png","Width":""},"Result":"<a href=\"https://duckduckgo.com/Toledo%2C_Norte_de_Santander\">Toledo, Norte de Santander</a>A Colombian municipality and town located in the department of North Santander.","Text":"Toledo, Norte de Santander A Colombian municipality and town located in the department of North Santander."},{"FirstURL":"https://duckduckgo.com/Toledo%2C_Antioquia","Icon":{"Height":"","URL":"/i/d271b955.png","Width":""},"Result":"<a href=\"https://duckduckgo.com/Toledo%2C_Antioquia\">Toledo, Antioquia</a>A town and municipality in Antioquia Department, Colombia.","Text":"Toledo, Antioquia A town and municipality in Antioquia Department, Colombia."},{"FirstURL":"https://duckduckgo.com/Toledo%2C_Cebu","Icon":{"Height":"","URL":"/i/21528d58.jpg","Width":""},"Result":"<a href=\"https://duckduckgo.com/Toledo%2C_Cebu\">Toledo, Cebu</a>A component city in the province of Cebu, Philippines.","Text":"Toledo, Cebu A component city in the province of Cebu, Philippines."},{"FirstURL":"https://duckduckgo.com/Taifa_of_Toledo","Icon":{"Height":"","URL":"/i/4074b201.png","Width":""},"Result":"<a href=\"https://duckduckgo.com/Taifa_of_Toledo\">Taifa of Toledo</a>An Islamic polity located in the centre of the Iberian Peninsula in the High Middle Ages.","Text":"Taifa of Toledo An Islamic polity located in the centre of the Iberian Peninsula in the High Middle Ages."},{"FirstURL":"https://duckduckgo.com/Kingdom_of_Toledo_(Crown_of_Castile)","Icon":{"Height":"","URL":"","Width":""},"Result":"<a href=\"https://duckduckgo.com/Kingdom_of_Toledo_(Crown_of_Castile)\">Kingdom of Toledo</a>A realm in the central Iberian Peninsula, created after the capture of Toledo by Alfonso VI of...","Text":"Kingdom of Toledo A realm in the central Iberian Peninsula, created after the capture of Toledo by Alfonso VI of..."},{"FirstURL":"https://duckduckgo.com/Roman_Catholic_Archdiocese_of_Toledo","Icon":{"Height":"","URL":"/i/7589ecba.png","Width":""},"Result":"<a href=\"https://duckduckgo.com/Roman_Catholic_Archdiocese_of_Toledo\">Roman Catholic Archdiocese of Toledo</a>A Latin Church archdiocese of the Catholic Church located in Spain.","Text":"Roman Catholic Archdiocese of Toledo A Latin Church archdiocese of the Catholic Church located in Spain."},{"FirstURL":"https://duckduckgo.com/Toledo_(Congress_of_Deputies_constituency)","Icon":{"Height":"","URL":"","Width":""},"Result":"<a href=\"https://duckduckgo.com/Toledo_(Congress_of_Deputies_constituency)\">Toledo (Congress of Deputies constituency)</a>Toledo is one of the 52 constituencies represented in the Congress of Deputies, the lower chamber...","Text":"Toledo (Congress of Deputies constituency) Toledo is one of the 52 constituencies represented in the Congress of Deputies, the lower chamber..."},{"FirstURL":"https://duckduckgo.com/Toledo%2C_Georgia","Icon":{"Height":"","URL":"","Width":""},"Result":"<a href=\"https://duckduckgo.com/Toledo%2C_Georgia\">Toledo, Georgia</a>An unincorporated community in Charlton County, in the U.S. state of Georgia.","Text":"Toledo, Georgia An unincorporated community in Charlton County, in the U.S. state of Georgia."},{"FirstURL":"https://duckduckgo.com/Toledo%2C_Illinois","Icon":{"Height":"","URL":"/i/8b577e06.jpg","Width":""},"Result":"<a href=\"https://duckduckgo.com/Toledo%2C_Illinois\">Toledo, Illinois</a>A village in and the county seat of Cumberland County, Illinois, United States.","Text":"Toledo, Illinois A village in and the county seat of Cumberland County, Illinois, United States."},{"FirstURL":"https://duckduckgo.com/Toledo%2C_Iowa","Icon":{"Height":"","URL":"/i/8e57c773.jpg","Width":""},"Result":"<a href=\"https://duckduckgo.com/Toledo%2C_Iowa\">Toledo, Iowa</a>A city in, and the county seat of, Tama County, Iowa, United States.","Text":"Toledo, Iowa A city in, and the county seat of, Tama County, Iowa, United States."},{"FirstURL":"https://duckduckgo.com/Toledo%2C_Kansas","Icon":{"Height":"","URL":"","Width":""},"Result":"<a href=\"https://duckduckgo.com/Toledo%2C_Kansas\">Toledo, Kansas</a>An unincorporated community in Chase County, Kansas, United States.","Text":"Toledo, Kansas An unincorporated community in Chase County, Kansas, United States."},{"FirstURL":"https://duckduckgo.com/Toledo%2C_Callaway_County%2C_Missouri","Icon":{"Height":"","URL":"","Width":""},"Result":"<a href=\"https://duckduckgo.com/Toledo%2C_Callaway_County%2C_Missouri\">Toledo, Callaway County, Missouri</a>An unincorporated community in Callaway County, in the U.S. state of Missouri.","Text":"Toledo, Callaway County, Missouri An unincorporated community in Callaway County, in the U.S. state of Missouri."},{"FirstURL":"https://duckduckgo.com/Toledo%2C_Ozark_County%2C_Missouri","Icon":{"Height":"","URL":"","Width":""},"Result":"<a href=\"https://duckduckgo.com/Toledo%2C_Ozark_County%2C_Missouri\">Toledo, Ozark County, Missouri</a>An unincorporated community in Ozark County, in the U.S. state of Missouri.","Text":"Toledo, Ozark County, Missouri An unincorporated community in Ozark County, in the U.S. state of Missouri."},{"FirstURL":"https://duckduckgo.com/Toledo%2C_Oregon","Icon":{"Height":"","URL":"/i/25d99bfa.jpg","Width":""},"Result":"<a href=\"https://duckduckgo.com/Toledo%2C_Oregon\">Toledo, Oregon</a>A city located on the Yaquina River and along U.S. Route 20 in Lincoln County, in the U.S. state...","Text":"Toledo, Oregon A city located on the Yaquina River and along U.S. Route 20 in Lincoln County, in the U.S. state..."},{"FirstURL":"https://duckduckgo.com/Toledo%2C_Washington","Icon":{"Height":"","URL":"/i/35134abf.png","Width":""},"Result":"<a href=\"https://duckduckgo.com/Toledo%2C_Washington\">Toledo, Washington</a>A city in Lewis County, Washington, United States. The population was 631 at the 2020 census.","Text":"Toledo, Washington A city in Lewis County, Washington, United States. The population was 631 at the 2020 census."},{"FirstURL":"https://duckduckgo.com/Toledo%2C_Texas","Icon":{"Height":"","URL":"","Width":""},"Result":"<a href=\"https://duckduckgo.com/Toledo%2C_Texas\">Toledo, Texas</a> An unincorporated community in <a href=\"https://duckduckgo.com/?q=Fayette%20County%2C%20Texas\">Fayette County, Texas</a>.","Text":"Toledo, Texas An unincorporated community in Fayette County, Texas ."},{"FirstURL":"https://duckduckgo.com/Toledo_Township%2C_Tama_County%2C_Iowa","Icon":{"Height":"","URL":"","Width":""},"Result":"<a href=\"https://duckduckgo.com/Toledo_Township%2C_Tama_County%2C_Iowa\">Toledo Township, Tama County, Iowa</a> Toledo Township is one of the twenty-one townships of Tama County, Iowa, United States.","Text":"Toledo Township, Tama County, Iowa Toledo Township is one of the twenty-one townships of Tama County, Iowa, United States."},{"FirstURL":"https://duckduckgo.com/Toledo_Township%2C_Chase_County%2C_Kansas","Icon":{"Height":"","URL":"/i/104f2460.png","Width":""},"Result":"<a href=\"https://duckduckgo.com/Toledo_Township%2C_Chase_County%2C_Kansas\">Toledo Township, Chase County, Kansas</a> A township in Chase County, Kansas, United States. As of the 2000 census, its population was 302.","Text":"Toledo Township, Chase County, Kansas A township in Chase County, Kansas, United States. As of the 2000 census, its population was 302."},{"FirstURL":"https://duckduckgo.com/Toledo%2C_Uruguay","Icon":{"Height":"","URL":"/i/3aa9fcce.png","Width":""},"Result":"<a href=\"https://duckduckgo.com/Toledo%2C_Uruguay\">Toledo, Uruguay</a> A small city in the Canelones Department of Uruguay.","Text":"Toledo, Uruguay A small city in the Canelones Department of Uruguay."}]},{"Name":"Ships","Topics":[{"FirstURL":"https://duckduckgo.com/USS_Dearborn_(PF-33)","Icon":{"Height":"","URL":"","Width":""},"Result":"<a href=\"https://duckduckgo.com/USS_Dearborn_(PF-33)\">USS Toledo (PF-33)</a>USS Dearborn, a Tacoma-class frigate, is so far the only ship of the United States Navy to be...","Text":"USS Toledo (PF-33) USS Dearborn, a Tacoma-class frigate, is so far the only ship of the United States Navy to be..."},{"FirstURL":"https://duckduckgo.com/USS_Toledo_(CA-133)","Icon":{"Height":"","URL":"/i/9087b3d0.jpg","Width":""},"Result":"<a href=\"https://duckduckgo.com/USS_Toledo_(CA-133)\">USS Toledo (CA-133)</a> A Baltimore-class heavy cruiser of the United States Navy active during the Korean War.","Text":"USS Toledo (CA-133) A Baltimore-class heavy cruiser of the United States Navy active during the Korean War."},{"FirstURL":"https://duckduckgo.com/USS_Toledo_(SSN-769)","Icon":{"Height":"","URL":"/i/3131e83f.jpg","Width":""},"Result":"<a href=\"https://duckduckgo.com/USS_Toledo_(SSN-769)\">USS Toledo (SSN-769)</a>A United States Navy, Los Angeles-class nuclear-powered attack submarine and the third U.S. Naval...","Text":"USS Toledo (SSN-769) A United States Navy, Los Angeles-class nuclear-powered attack submarine and the third U.S. Naval..."}]},{"Name":"Other uses","Topics":[{"FirstURL":"https://duckduckgo.com/University_of_Toledo","Icon":{"Height":"","URL":"/i/fe1e997f.png","Width":""},"Result":"<a href=\"https://duckduckgo.com/University_of_Toledo\">University of Toledo</a>A public research university in Toledo, Ohio, United States.","Text":"University of Toledo A public research university in Toledo, Ohio, United States."},{"FirstURL":"https://duckduckgo.com/Toledo_Rockets","Icon":{"Height":"","URL":"/i/b24ebf21.png","Width":""},"Result":"<a href=\"https://duckduckgo.com/Toledo_Rockets\">Toledo Rockets</a>The intercollegiate athletic teams that represent the University of Toledo.","Text":"Toledo Rockets The intercollegiate athletic teams that represent the University of Toledo."},{"FirstURL":"https://duckduckgo.com/Mettler_Toledo","Icon":{"Height":"","URL":"/i/d2bc8ac9.jpg","Width":""},"Result":"<a href=\"https://duckduckgo.com/Mettler_Toledo\">Mettler Toledo</a>A multinational supplier of precision instruments and services.","Text":"Mettler Toledo A multinational supplier of precision instruments and services."},{"FirstURL":"https://duckduckgo.com/SEAT_Toledo","Icon":{"Height":"","URL":"/i/b4c59208.jpg","Width":""},"Result":"<a href=\"https://duckduckgo.com/SEAT_Toledo\">SEAT Toledo</a> A small family car produced by the Spanish manufacturer SEAT, part of Volkswagen Group.","Text":"SEAT Toledo A small family car produced by the Spanish manufacturer SEAT, part of Volkswagen Group."},{"FirstURL":"https://duckduckgo.com/Toledo_(air_defense_system)","Icon":{"Height":"","URL":"","Width":""},"Result":"<a href=\"https://duckduckgo.com/Toledo_(air_defense_system)\">Toledo (air defense system)</a>An air defense system consisting of Skyguard components including <a href=\"https://duckduckgo.com/?q=Aspide\">Aspide</a> launchers, but with a...","Text":"Toledo (air defense system) An air defense system consisting of Skyguard components including Aspide launchers, but with a..."},{"FirstURL":"https://duckduckgo.com/Toledo_steel","Icon":{"Height":"","URL":"","Width":""},"Result":"<a href=\"https://duckduckgo.com/Toledo_steel\">Toledo steel</a>Toledo steel, historically known for being unusually hard, is from Toledo, Spain, which has been...","Text":"Toledo steel Toledo steel, historically known for being unusually hard, is from Toledo, Spain, which has been..."},{"FirstURL":"https://duckduckgo.com/Triumph_Toledo","Icon":{"Height":"","URL":"/i/a3f1f420.jpg","Width":""},"Result":"<a href=\"https://duckduckgo.com/Triumph_Toledo\">Triumph Toledo</a>A compact car which was produced by the Rover-Triumph division of British Leyland in the United...","Text":"Triumph Toledo A compact car which was produced by the Rover-Triumph division of British Leyland in the United..."},{"FirstURL":"https://duckduckgo.com/Toledo_(Naples_Metro)","Icon":{"Height":"","URL":"","Width":""},"Result":"<a href=\"https://duckduckgo.com/Toledo_(Naples_Metro)\">Toledo (Naples Metro)</a>A station on Line 1 of the Naples Metro, named after nearby Via Toledo.","Text":"Toledo (Naples Metro) A station on Line 1 of the Naples Metro, named after nearby Via Toledo."},{"FirstURL":"https://duckduckgo.com/Toledo_Progressive_Party","Icon":{"Height":"","URL":"","Width":""},"Result":"<a href=\"https://duckduckgo.com/Toledo_Progressive_Party\">Toledo Progressive Party</a>A minor political party in the Toledo District of southern Belize, active in the late 1970s and...","Text":"Toledo Progressive Party A minor political party in the Toledo District of southern Belize, active in the late 1970s and..."},{"FirstURL":"https://duckduckgo.com/Toledo_(band)","Icon":{"Height":"","URL":"","Width":""},"Result":"<a href=\"https://duckduckgo.com/Toledo_(band)\">Toledo (band)</a>An American indie rock duo from Newburyport, Massachusetts, now based in Brooklyn, New York.","Text":"Toledo (band) An American indie rock duo from Newburyport, Massachusetts, now based in Brooklyn, New York."}]},{"Name":"See also","Topics":[{"FirstURL":"https://duckduckgo.com/Pedro_de_Toledo%2C_S%C3%A3o_Paulo","Icon":{"Height":"","URL":"","Width":""},"Result":"<a href=\"https://duckduckgo.com/Pedro_de_Toledo%2C_S%C3%A3o_Paulo\">Pedro de Toledo, S\u00e3o Paulo</a>A municipality in the state of S\u00e3o Paulo in Brazil.","Text":"Pedro de Toledo, S\u00e3o Paulo A municipality in the state of S\u00e3o Paulo in Brazil."},{"FirstURL":"https://duckduckgo.com/Manga%2C_Toledo_Chico","Icon":{"Height":"","URL":"/i/d35fd268.png","Width":""},"Result":"<a href=\"https://duckduckgo.com/Manga%2C_Toledo_Chico\">Toledo Chico</a> A composite barrio of Montevideo, Uruguay.","Text":"Toledo Chico A composite barrio of Montevideo, Uruguay."},{"FirstURL":"https://duckduckgo.com/d/Toledo_(surname)","Icon":{"Height":"","URL":"","Width":""},"Result":"<a href=\"https://duckduckgo.com/d/Toledo_(surname)\">Toledo (surname)</a> A surname (including a list of people with the name).","Text":"Toledo (surname) A surname (including a list of people with the name)."},{"FirstURL":"https://duckduckgo.com/d/Toledano","Icon":{"Height":"","URL":"","Width":""},"Result":"<a href=\"https://duckduckgo.com/d/Toledano\">Toledano</a> See related meanings for the word 'Toledano'.","Text":"Toledano See related meanings for the word 'Toledano'."}]}],"Results":[],"Type":"D","meta":{"attribution":null,"blockgroup":null,"created_date":null,"description":"Wikipedia","designer":null,"dev_date":null,"dev_milestone":"live","developer":[{"name":"DDG Team","type":"ddg","url":"http://www.duckduckhack.com"}],"example_query":"nikola tesla","id":"wikipedia_fathead","is_stackexchange":null,"js_callback_name":"wikipedia","live_date":null,"maintainer":{"github":"duckduckgo"},"name":"Wikipedia","perl_module":"DDG::Fathead::Wikipedia","producer":null,"production_state":"online","repo":"fathead","signal_from":"wikipedia_fathead","src_domain":"en.wikipedia.org","src_id":1,"src_name":"Wikipedia","src_options":{"directory":"","is_fanon":0,"is_mediawiki":1,"is_wikipedia":1,"language":"en","min_abstract_length":"20","skip_abstract":0,"skip_abstract_paren":0,"skip_end":"0","skip_icon":0,"skip_image_name":0,"skip_qr":"","source_skip":"","src_info":""},"src_url":null,"status":"live","tab":"About","topic":["productivity"],"unsafe":0}}
  &amp#27;[32mWhen &amp#27;[0m&amp#27;[32mthe user sends a request to the API&amp#27;[0m                                  &amp#27;[90m# Steps.ApiSearchStepsDefinition.the_user_sends_a_request_to_the_api()&amp#27;[0m
  &amp#27;[32mThen &amp#27;[0m&amp#27;[32mthe response should have the field &amp#27;[0m&amp#27;[32m&amp#27;[1m"AbstractSource"&amp#27;[0m&amp#27;[32m with &amp#27;[0m&amp#27;[32m&amp#27;[1m"Wikipedia"&amp#27;[0m &amp#27;[90m# Steps.ApiSearchStepsDefinition.i_should_verify_that_on_the_response_the_field_is(java.lang.String,java.lang.String)&amp#27;[0m
]]></system-out>
  </testcase>
  <testcase name="runScenario[&quot;Verify successful search for &quot;Toledo&quot; and valid AbstractUrl&quot;, &quot;api search of duckduckgo feature&quot;](2)" classname="Runner.TestNGCucumberRunner" time="0.792">
    <system-out><![CDATA[
@api
Scenario: Verify successful search for "Toledo" and valid AbstractUrl     &amp#27;[90m# src/test/resources/Features/searchApi.feature:10&amp#27;[0m
  &amp#27;[32mGiven &amp#27;[0m&amp#27;[32mthe user wants to search for the term &amp#27;[0m&amp#27;[32m&amp#27;[1m"Toledo"&amp#27;[0m                    &amp#27;[90m# Steps.ApiSearchStepsDefinition.the_user_wants_to_search_for_the_term(java.lang.String)&amp#27;[0m
Request method:	GET
Request URI:	https://api.duckduckgo.com/?q=Toledo&format=json
Proxy:			<none>
Request params:	<none>
Query params:	q=Toledo
				format=json
Form params:	<none>
Path params:	<none>
Headers:		Accept=*/*
				Content-Type=application/json; charset=UTF-8
Cookies:		<none>
Multiparts:		<none>
Body:			<none>
HTTP/1.1 202 Accepted
Server: nginx
Date: Sat, 02 Aug 2025 23:00:42 GMT
Content-Type: application/x-javascript
Transfer-Encoding: chunked
Connection: keep-alive
Access-Control-Allow-Origin: *
Server-Timing: total;dur=67;desc="Backend Total [n]"
X-Robots-Tag: noindex
Strict-Transport-Security: max-age=31536000
Permissions-Policy: interest-cohort=()
Content-Security-Policy: default-src 'none' ; connect-src  https://duckduckgo.com https://*.duckduckgo.com https://duckduckgogg42xjoc72x3sjasowoarfbgcmvfimaftt6twagswzczad.onion/ https://spreadprivacy.com ; manifest-src  https://duckduckgo.com https://*.duckduckgo.com https://duckduckgogg42xjoc72x3sjasowoarfbgcmvfimaftt6twagswzczad.onion/ https://spreadprivacy.com ; media-src  https://duckduckgo.com https://*.duckduckgo.com https://duckduckgogg42xjoc72x3sjasowoarfbgcmvfimaftt6twagswzczad.onion/ https://spreadprivacy.com ; script-src blob:  https://duckduckgo.com https://*.duckduckgo.com https://duckduckgogg42xjoc72x3sjasowoarfbgcmvfimaftt6twagswzczad.onion/ https://spreadprivacy.com 'unsafe-inline' 'unsafe-eval' ; font-src data:  https://duckduckgo.com https://*.duckduckgo.com https://duckduckgogg42xjoc72x3sjasowoarfbgcmvfimaftt6twagswzczad.onion/ https://spreadprivacy.com ; img-src data:  https://duckduckgo.com https://*.duckduckgo.com https://duckduckgogg42xjoc72x3sjasowoarfbgcmvfimaftt6twagswzczad.onion/ https://spreadprivacy.com ; style-src  https://duckduckgo.com https://*.duckduckgo.com https://duckduckgogg42xjoc72x3sjasowoarfbgcmvfimaftt6twagswzczad.onion/ https://spreadprivacy.com 'unsafe-inline' ; object-src 'none' ; worker-src blob: ; child-src blob:  https://duckduckgo.com https://*.duckduckgo.com https://duckduckgogg42xjoc72x3sjasowoarfbgcmvfimaftt6twagswzczad.onion/ https://spreadprivacy.com ; frame-src blob:  https://duckduckgo.com https://*.duckduckgo.com https://duckduckgogg42xjoc72x3sjasowoarfbgcmvfimaftt6twagswzczad.onion/ https://spreadprivacy.com ; form-action  https://duckduckgo.com https://*.duckduckgo.com https://duckduckgogg42xjoc72x3sjasowoarfbgcmvfimaftt6twagswzczad.onion/ https://spreadprivacy.com ; frame-ancestors 'self' https://html.duckduckgo.com; base-uri 'self' ; block-all-mixed-content ;
X-Frame-Options: SAMEORIGIN
X-XSS-Protection: 1;mode=block
X-Content-Type-Options: nosniff
Referrer-Policy: origin
Expect-CT: max-age=0

{"Abstract":"","AbstractSource":"Wikipedia","AbstractText":"","AbstractURL":"https://en.wikipedia.org/wiki/Toledo","Answer":"","AnswerType":"","Definition":"","DefinitionSource":"","DefinitionURL":"","Entity":"","Heading":"Toledo","Image":"","ImageHeight":0,"ImageIsLogo":0,"ImageWidth":0,"Infobox":"","Redirect":"","RelatedTopics":[{"FirstURL":"https://duckduckgo.com/Toledo%2C_Spain","Icon":{"Height":"","URL":"/i/569cd113.jpg","Width":""},"Result":"<a href=\"https://duckduckgo.com/Toledo%2C_Spain\">Toledo, Spain</a>A city and municipality of Spain, the capital of the province of Toledo and the de jure seat of...","Text":"Toledo, Spain A city and municipality of Spain, the capital of the province of Toledo and the de jure seat of..."},{"FirstURL":"https://duckduckgo.com/Toledo%2C_Ohio","Icon":{"Height":"","URL":"/i/11333977.jpg","Width":""},"Result":"<a href=\"https://duckduckgo.com/Toledo%2C_Ohio\">Toledo, Ohio</a>A city in Lucas County, Ohio, United States, and its county seat.","Text":"Toledo, Ohio A city in Lucas County, Ohio, United States, and its county seat."},{"FirstURL":"https://duckduckgo.com/University_of_Toledo","Icon":{"Height":"","URL":"/i/fe1e997f.png","Width":""},"Result":"<a href=\"https://duckduckgo.com/University_of_Toledo\">University of Toledo</a>A public research university in Toledo, Ohio, United States.","Text":"University of Toledo A public research university in Toledo, Ohio, United States."},{"FirstURL":"https://duckduckgo.com/Province_of_Toledo","Icon":{"Height":"","URL":"/i/b341ccae.png","Width":""},"Result":"<a href=\"https://duckduckgo.com/Province_of_Toledo\">Province of Toledo</a>A province of central Spain, in the western part of the autonomous community of Castile\u2013La Mancha.","Text":"Province of Toledo A province of central Spain, in the western part of the autonomous community of Castile\u2013La Mancha."},{"Name":"Places","Topics":[{"FirstURL":"https://duckduckgo.com/Toledo_District","Icon":{"Height":"","URL":"","Width":""},"Result":"<a href=\"https://duckduckgo.com/Toledo_District\">Toledo District</a>The southernmost and least populated district in Belize. Punta Gorda is the District capital.","Text":"Toledo District The southernmost and least populated district in Belize. Punta Gorda is the District capital."},{"FirstURL":"https://duckduckgo.com/Toledo_Settlement","Icon":{"Height":"","URL":"","Width":""},"Result":"<a href=\"https://duckduckgo.com/Toledo_Settlement\">Toledo Settlement</a>A town in Belize's Toledo District.","Text":"Toledo Settlement A town in Belize's Toledo District."},{"FirstURL":"https://duckduckgo.com/Toledo%2C_Oruro","Icon":{"Height":"","URL":"","Width":""},"Result":"<a href=\"https://duckduckgo.com/Toledo%2C_Oruro\">Toledo, Oruro</a>A small town in Bolivia.","Text":"Toledo, Oruro A small town in Bolivia."},{"FirstURL":"https://duckduckgo.com/Toledo%2C_Minas_Gerais","Icon":{"Height":"","URL":"","Width":""},"Result":"<a href=\"https://duckduckgo.com/Toledo%2C_Minas_Gerais\">Toledo, Minas Gerais</a>A municipality in the state of Minas Gerais in the Southeast region of Brazil.","Text":"Toledo, Minas Gerais A municipality in the state of Minas Gerais in the Southeast region of Brazil."},{"FirstURL":"https://duckduckgo.com/Toledo%2C_Paran%C3%A1","Icon":{"Height":"","URL":"/i/69f4bd6f.png","Width":""},"Result":"<a href=\"https://duckduckgo.com/Toledo%2C_Paran%C3%A1\">Toledo, Paran\u00e1</a>A municipality in the Brazilian state of Paran\u00e1.","Text":"Toledo, Paran\u00e1 A municipality in the Brazilian state of Paran\u00e1."},{"FirstURL":"https://duckduckgo.com/Toledo%2C_Norte_de_Santander","Icon":{"Height":"","URL":"/i/615067f3.png","Width":""},"Result":"<a href=\"https://duckduckgo.com/Toledo%2C_Norte_de_Santander\">Toledo, Norte de Santander</a>A Colombian municipality and town located in the department of North Santander.","Text":"Toledo, Norte de Santander A Colombian municipality and town located in the department of North Santander."},{"FirstURL":"https://duckduckgo.com/Toledo%2C_Antioquia","Icon":{"Height":"","URL":"/i/d271b955.png","Width":""},"Result":"<a href=\"https://duckduckgo.com/Toledo%2C_Antioquia\">Toledo, Antioquia</a>A town and municipality in Antioquia Department, Colombia.","Text":"Toledo, Antioquia A town and municipality in Antioquia Department, Colombia."},{"FirstURL":"https://duckduckgo.com/Toledo%2C_Cebu","Icon":{"Height":"","URL":"/i/21528d58.jpg","Width":""},"Result":"<a href=\"https://duckduckgo.com/Toledo%2C_Cebu\">Toledo, Cebu</a>A component city in the province of Cebu, Philippines.","Text":"Toledo, Cebu A component city in the province of Cebu, Philippines."},{"FirstURL":"https://duckduckgo.com/Taifa_of_Toledo","Icon":{"Height":"","URL":"/i/4074b201.png","Width":""},"Result":"<a href=\"https://duckduckgo.com/Taifa_of_Toledo\">Taifa of Toledo</a>An Islamic polity located in the centre of the Iberian Peninsula in the High Middle Ages.","Text":"Taifa of Toledo An Islamic polity located in the centre of the Iberian Peninsula in the High Middle Ages."},{"FirstURL":"https://duckduckgo.com/Kingdom_of_Toledo_(Crown_of_Castile)","Icon":{"Height":"","URL":"","Width":""},"Result":"<a href=\"https://duckduckgo.com/Kingdom_of_Toledo_(Crown_of_Castile)\">Kingdom of Toledo</a>A realm in the central Iberian Peninsula, created after the capture of Toledo by Alfonso VI of...","Text":"Kingdom of Toledo A realm in the central Iberian Peninsula, created after the capture of Toledo by Alfonso VI of..."},{"FirstURL":"https://duckduckgo.com/Roman_Catholic_Archdiocese_of_Toledo","Icon":{"Height":"","URL":"/i/7589ecba.png","Width":""},"Result":"<a href=\"https://duckduckgo.com/Roman_Catholic_Archdiocese_of_Toledo\">Roman Catholic Archdiocese of Toledo</a>A Latin Church archdiocese of the Catholic Church located in Spain.","Text":"Roman Catholic Archdiocese of Toledo A Latin Church archdiocese of the Catholic Church located in Spain."},{"FirstURL":"https://duckduckgo.com/Toledo_(Congress_of_Deputies_constituency)","Icon":{"Height":"","URL":"","Width":""},"Result":"<a href=\"https://duckduckgo.com/Toledo_(Congress_of_Deputies_constituency)\">Toledo (Congress of Deputies constituency)</a>Toledo is one of the 52 constituencies represented in the Congress of Deputies, the lower chamber...","Text":"Toledo (Congress of Deputies constituency) Toledo is one of the 52 constituencies represented in the Congress of Deputies, the lower chamber..."},{"FirstURL":"https://duckduckgo.com/Toledo%2C_Georgia","Icon":{"Height":"","URL":"","Width":""},"Result":"<a href=\"https://duckduckgo.com/Toledo%2C_Georgia\">Toledo, Georgia</a>An unincorporated community in Charlton County, in the U.S. state of Georgia.","Text":"Toledo, Georgia An unincorporated community in Charlton County, in the U.S. state of Georgia."},{"FirstURL":"https://duckduckgo.com/Toledo%2C_Illinois","Icon":{"Height":"","URL":"/i/8b577e06.jpg","Width":""},"Result":"<a href=\"https://duckduckgo.com/Toledo%2C_Illinois\">Toledo, Illinois</a>A village in and the county seat of Cumberland County, Illinois, United States.","Text":"Toledo, Illinois A village in and the county seat of Cumberland County, Illinois, United States."},{"FirstURL":"https://duckduckgo.com/Toledo%2C_Iowa","Icon":{"Height":"","URL":"/i/8e57c773.jpg","Width":""},"Result":"<a href=\"https://duckduckgo.com/Toledo%2C_Iowa\">Toledo, Iowa</a>A city in, and the county seat of, Tama County, Iowa, United States.","Text":"Toledo, Iowa A city in, and the county seat of, Tama County, Iowa, United States."},{"FirstURL":"https://duckduckgo.com/Toledo%2C_Kansas","Icon":{"Height":"","URL":"","Width":""},"Result":"<a href=\"https://duckduckgo.com/Toledo%2C_Kansas\">Toledo, Kansas</a>An unincorporated community in Chase County, Kansas, United States.","Text":"Toledo, Kansas An unincorporated community in Chase County, Kansas, United States."},{"FirstURL":"https://duckduckgo.com/Toledo%2C_Callaway_County%2C_Missouri","Icon":{"Height":"","URL":"","Width":""},"Result":"<a href=\"https://duckduckgo.com/Toledo%2C_Callaway_County%2C_Missouri\">Toledo, Callaway County, Missouri</a>An unincorporated community in Callaway County, in the U.S. state of Missouri.","Text":"Toledo, Callaway County, Missouri An unincorporated community in Callaway County, in the U.S. state of Missouri."},{"FirstURL":"https://duckduckgo.com/Toledo%2C_Ozark_County%2C_Missouri","Icon":{"Height":"","URL":"","Width":""},"Result":"<a href=\"https://duckduckgo.com/Toledo%2C_Ozark_County%2C_Missouri\">Toledo, Ozark County, Missouri</a>An unincorporated community in Ozark County, in the U.S. state of Missouri.","Text":"Toledo, Ozark County, Missouri An unincorporated community in Ozark County, in the U.S. state of Missouri."},{"FirstURL":"https://duckduckgo.com/Toledo%2C_Oregon","Icon":{"Height":"","URL":"/i/25d99bfa.jpg","Width":""},"Result":"<a href=\"https://duckduckgo.com/Toledo%2C_Oregon\">Toledo, Oregon</a>A city located on the Yaquina River and along U.S. Route 20 in Lincoln County, in the U.S. state...","Text":"Toledo, Oregon A city located on the Yaquina River and along U.S. Route 20 in Lincoln County, in the U.S. state..."},{"FirstURL":"https://duckduckgo.com/Toledo%2C_Washington","Icon":{"Height":"","URL":"/i/35134abf.png","Width":""},"Result":"<a href=\"https://duckduckgo.com/Toledo%2C_Washington\">Toledo, Washington</a>A city in Lewis County, Washington, United States. The population was 631 at the 2020 census.","Text":"Toledo, Washington A city in Lewis County, Washington, United States. The population was 631 at the 2020 census."},{"FirstURL":"https://duckduckgo.com/Toledo%2C_Texas","Icon":{"Height":"","URL":"","Width":""},"Result":"<a href=\"https://duckduckgo.com/Toledo%2C_Texas\">Toledo, Texas</a> An unincorporated community in <a href=\"https://duckduckgo.com/?q=Fayette%20County%2C%20Texas\">Fayette County, Texas</a>.","Text":"Toledo, Texas An unincorporated community in Fayette County, Texas ."},{"FirstURL":"https://duckduckgo.com/Toledo_Township%2C_Tama_County%2C_Iowa","Icon":{"Height":"","URL":"","Width":""},"Result":"<a href=\"https://duckduckgo.com/Toledo_Township%2C_Tama_County%2C_Iowa\">Toledo Township, Tama County, Iowa</a> Toledo Township is one of the twenty-one townships of Tama County, Iowa, United States.","Text":"Toledo Township, Tama County, Iowa Toledo Township is one of the twenty-one townships of Tama County, Iowa, United States."},{"FirstURL":"https://duckduckgo.com/Toledo_Township%2C_Chase_County%2C_Kansas","Icon":{"Height":"","URL":"/i/104f2460.png","Width":""},"Result":"<a href=\"https://duckduckgo.com/Toledo_Township%2C_Chase_County%2C_Kansas\">Toledo Township, Chase County, Kansas</a> A township in Chase County, Kansas, United States. As of the 2000 census, its population was 302.","Text":"Toledo Township, Chase County, Kansas A township in Chase County, Kansas, United States. As of the 2000 census, its population was 302."},{"FirstURL":"https://duckduckgo.com/Toledo%2C_Uruguay","Icon":{"Height":"","URL":"/i/3aa9fcce.png","Width":""},"Result":"<a href=\"https://duckduckgo.com/Toledo%2C_Uruguay\">Toledo, Uruguay</a> A small city in the Canelones Department of Uruguay.","Text":"Toledo, Uruguay A small city in the Canelones Department of Uruguay."}]},{"Name":"Ships","Topics":[{"FirstURL":"https://duckduckgo.com/USS_Dearborn_(PF-33)","Icon":{"Height":"","URL":"","Width":""},"Result":"<a href=\"https://duckduckgo.com/USS_Dearborn_(PF-33)\">USS Toledo (PF-33)</a>USS Dearborn, a Tacoma-class frigate, is so far the only ship of the United States Navy to be...","Text":"USS Toledo (PF-33) USS Dearborn, a Tacoma-class frigate, is so far the only ship of the United States Navy to be..."},{"FirstURL":"https://duckduckgo.com/USS_Toledo_(CA-133)","Icon":{"Height":"","URL":"/i/9087b3d0.jpg","Width":""},"Result":"<a href=\"https://duckduckgo.com/USS_Toledo_(CA-133)\">USS Toledo (CA-133)</a> A Baltimore-class heavy cruiser of the United States Navy active during the Korean War.","Text":"USS Toledo (CA-133) A Baltimore-class heavy cruiser of the United States Navy active during the Korean War."},{"FirstURL":"https://duckduckgo.com/USS_Toledo_(SSN-769)","Icon":{"Height":"","URL":"/i/3131e83f.jpg","Width":""},"Result":"<a href=\"https://duckduckgo.com/USS_Toledo_(SSN-769)\">USS Toledo (SSN-769)</a>A United States Navy, Los Angeles-class nuclear-powered attack submarine and the third U.S. Naval...","Text":"USS Toledo (SSN-769) A United States Navy, Los Angeles-class nuclear-powered attack submarine and the third U.S. Naval..."}]},{"Name":"Other uses","Topics":[{"FirstURL":"https://duckduckgo.com/University_of_Toledo","Icon":{"Height":"","URL":"/i/fe1e997f.png","Width":""},"Result":"<a href=\"https://duckduckgo.com/University_of_Toledo\">University of Toledo</a>A public research university in Toledo, Ohio, United States.","Text":"University of Toledo A public research university in Toledo, Ohio, United States."},{"FirstURL":"https://duckduckgo.com/Toledo_Rockets","Icon":{"Height":"","URL":"/i/b24ebf21.png","Width":""},"Result":"<a href=\"https://duckduckgo.com/Toledo_Rockets\">Toledo Rockets</a>The intercollegiate athletic teams that represent the University of Toledo.","Text":"Toledo Rockets The intercollegiate athletic teams that represent the University of Toledo."},{"FirstURL":"https://duckduckgo.com/Mettler_Toledo","Icon":{"Height":"","URL":"/i/d2bc8ac9.jpg","Width":""},"Result":"<a href=\"https://duckduckgo.com/Mettler_Toledo\">Mettler Toledo</a>A multinational supplier of precision instruments and services.","Text":"Mettler Toledo A multinational supplier of precision instruments and services."},{"FirstURL":"https://duckduckgo.com/SEAT_Toledo","Icon":{"Height":"","URL":"/i/b4c59208.jpg","Width":""},"Result":"<a href=\"https://duckduckgo.com/SEAT_Toledo\">SEAT Toledo</a> A small family car produced by the Spanish manufacturer SEAT, part of Volkswagen Group.","Text":"SEAT Toledo A small family car produced by the Spanish manufacturer SEAT, part of Volkswagen Group."},{"FirstURL":"https://duckduckgo.com/Toledo_(air_defense_system)","Icon":{"Height":"","URL":"","Width":""},"Result":"<a href=\"https://duckduckgo.com/Toledo_(air_defense_system)\">Toledo (air defense system)</a>An air defense system consisting of Skyguard components including <a href=\"https://duckduckgo.com/?q=Aspide\">Aspide</a> launchers, but with a...","Text":"Toledo (air defense system) An air defense system consisting of Skyguard components including Aspide launchers, but with a..."},{"FirstURL":"https://duckduckgo.com/Toledo_steel","Icon":{"Height":"","URL":"","Width":""},"Result":"<a href=\"https://duckduckgo.com/Toledo_steel\">Toledo steel</a>Toledo steel, historically known for being unusually hard, is from Toledo, Spain, which has been...","Text":"Toledo steel Toledo steel, historically known for being unusually hard, is from Toledo, Spain, which has been..."},{"FirstURL":"https://duckduckgo.com/Triumph_Toledo","Icon":{"Height":"","URL":"/i/a3f1f420.jpg","Width":""},"Result":"<a href=\"https://duckduckgo.com/Triumph_Toledo\">Triumph Toledo</a>A compact car which was produced by the Rover-Triumph division of British Leyland in the United...","Text":"Triumph Toledo A compact car which was produced by the Rover-Triumph division of British Leyland in the United..."},{"FirstURL":"https://duckduckgo.com/Toledo_(Naples_Metro)","Icon":{"Height":"","URL":"","Width":""},"Result":"<a href=\"https://duckduckgo.com/Toledo_(Naples_Metro)\">Toledo (Naples Metro)</a>A station on Line 1 of the Naples Metro, named after nearby Via Toledo.","Text":"Toledo (Naples Metro) A station on Line 1 of the Naples Metro, named after nearby Via Toledo."},{"FirstURL":"https://duckduckgo.com/Toledo_Progressive_Party","Icon":{"Height":"","URL":"","Width":""},"Result":"<a href=\"https://duckduckgo.com/Toledo_Progressive_Party\">Toledo Progressive Party</a>A minor political party in the Toledo District of southern Belize, active in the late 1970s and...","Text":"Toledo Progressive Party A minor political party in the Toledo District of southern Belize, active in the late 1970s and..."},{"FirstURL":"https://duckduckgo.com/Toledo_(band)","Icon":{"Height":"","URL":"","Width":""},"Result":"<a href=\"https://duckduckgo.com/Toledo_(band)\">Toledo (band)</a>An American indie rock duo from Newburyport, Massachusetts, now based in Brooklyn, New York.","Text":"Toledo (band) An American indie rock duo from Newburyport, Massachusetts, now based in Brooklyn, New York."}]},{"Name":"See also","Topics":[{"FirstURL":"https://duckduckgo.com/Pedro_de_Toledo%2C_S%C3%A3o_Paulo","Icon":{"Height":"","URL":"","Width":""},"Result":"<a href=\"https://duckduckgo.com/Pedro_de_Toledo%2C_S%C3%A3o_Paulo\">Pedro de Toledo, S\u00e3o Paulo</a>A municipality in the state of S\u00e3o Paulo in Brazil.","Text":"Pedro de Toledo, S\u00e3o Paulo A municipality in the state of S\u00e3o Paulo in Brazil."},{"FirstURL":"https://duckduckgo.com/Manga%2C_Toledo_Chico","Icon":{"Height":"","URL":"/i/d35fd268.png","Width":""},"Result":"<a href=\"https://duckduckgo.com/Manga%2C_Toledo_Chico\">Toledo Chico</a> A composite barrio of Montevideo, Uruguay.","Text":"Toledo Chico A composite barrio of Montevideo, Uruguay."},{"FirstURL":"https://duckduckgo.com/d/Toledo_(surname)","Icon":{"Height":"","URL":"","Width":""},"Result":"<a href=\"https://duckduckgo.com/d/Toledo_(surname)\">Toledo (surname)</a> A surname (including a list of people with the name).","Text":"Toledo (surname) A surname (including a list of people with the name)."},{"FirstURL":"https://duckduckgo.com/d/Toledano","Icon":{"Height":"","URL":"","Width":""},"Result":"<a href=\"https://duckduckgo.com/d/Toledano\">Toledano</a> See related meanings for the word 'Toledano'.","Text":"Toledano See related meanings for the word 'Toledano'."}]}],"Results":[],"Type":"D","meta":{"attribution":null,"blockgroup":null,"created_date":null,"description":"Wikipedia","designer":null,"dev_date":null,"dev_milestone":"live","developer":[{"name":"DDG Team","type":"ddg","url":"http://www.duckduckhack.com"}],"example_query":"nikola tesla","id":"wikipedia_fathead","is_stackexchange":null,"js_callback_name":"wikipedia","live_date":null,"maintainer":{"github":"duckduckgo"},"name":"Wikipedia","perl_module":"DDG::Fathead::Wikipedia","producer":null,"production_state":"online","repo":"fathead","signal_from":"wikipedia_fathead","src_domain":"en.wikipedia.org","src_id":1,"src_name":"Wikipedia","src_options":{"directory":"","is_fanon":0,"is_mediawiki":1,"is_wikipedia":1,"language":"en","min_abstract_length":"20","skip_abstract":0,"skip_abstract_paren":0,"skip_end":"0","skip_icon":0,"skip_image_name":0,"skip_qr":"","source_skip":"","src_info":""},"src_url":null,"status":"live","tab":"About","topic":["productivity"],"unsafe":0}}
  &amp#27;[32mWhen &amp#27;[0m&amp#27;[32mthe user sends a request to the API&amp#27;[0m                                &amp#27;[90m# Steps.ApiSearchStepsDefinition.the_user_sends_a_request_to_the_api()&amp#27;[0m
  &amp#27;[32mThen &amp#27;[0m&amp#27;[32mthe response should contain a valid &amp#27;[0m&amp#27;[32m&amp#27;[1m"AbstractURL"&amp#27;[0m&amp#27;[32m field with a URL&amp#27;[0m &amp#27;[90m# Steps.ApiSearchStepsDefinition.the_response_should_contain_a_valid_field_with_a_url(java.lang.String)&amp#27;[0m
Request method:	GET
Request URI:	https://en.wikipedia.org/wiki/Toledo
Proxy:			<none>
Request params:	<none>
Query params:	<none>
Form params:	<none>
Path params:	<none>
Headers:		Accept=*/*
				Content-Type=application/json; charset=UTF-8
Cookies:		<none>
Multiparts:		<none>
Body:			<none>
HTTP/1.1 200 OK
date: Sat, 02 Aug 2025 22:48:27 GMT
server: ATS/9.2.11
x-content-type-options: nosniff
content-language: en
accept-ch: 
last-modified: Mon, 28 Jul 2025 14:58:33 GMT
content-type: text/html; charset=UTF-8
content-encoding: gzip
age: 735
accept-ranges: bytes
vary: Accept-Encoding,X-Subdomain,Cookie,Authorization
x-cache: cp6012 hit, cp6009 hit/4
x-cache-status: hit-front
server-timing: cache;desc="hit-front", host;desc="cp6009"
strict-transport-security: max-age=106384710; includeSubDomains; preload
report-to: { "group": "wm_nel", "max_age": 604800, "endpoints": [{ "url": "https://intake-logging.wikimedia.org/v1/events?stream=w3c.reportingapi.network_error&schema_uri=/w3c/reportingapi/network_error/1.0.0" }] }
nel: { "report_to": "wm_nel", "max_age": 604800, "failure_fraction": 0.05, "success_fraction": 0.0}
set-cookie: WMF-Last-Access=02-Aug-2025;Path=/;HttpOnly;secure;Expires=Wed, 03 Sep 2025 12:00:00 GMT
set-cookie: WMF-Last-Access-Global=02-Aug-2025;Path=/;Domain=.wikipedia.org;HttpOnly;secure;Expires=Wed, 03 Sep 2025 12:00:00 GMT
set-cookie: WMF-DP=587;Path=/;HttpOnly;secure;Expires=Sun, 03 Aug 2025 00:00:00 GMT
x-client-ip: 81.40.85.127
cache-control: private, s-maxage=0, max-age=0, must-revalidate, no-transform
set-cookie: GeoIP=ES:AN:Seville:37.41:-5.99:v4; Path=/; secure; Domain=.wikipedia.org
set-cookie: NetworkProbeLimit=0.001;Path=/;Secure;SameSite=None;Max-Age=3600
set-cookie: WMF-Uniq=R_CFYn3aakwl33J3QFA-eQJDAAAAAFvdtYkEhkTRz4zwQVJffshQixRdbz895tho;Domain=.wikipedia.org;Path=/;HttpOnly;secure;SameSite=None;Expires=Sun, 02 Aug 2026 00:00:00 GMT
content-length: 18378

<html class="client-nojs vector-feature-language-in-header-enabled vector-feature-language-in-main-page-header-disabled vector-feature-page-tools-pinned-disabled vector-feature-toc-pinned-clientpref-1 vector-feature-main-menu-pinned-disabled vector-feature-limited-width-clientpref-1 vector-feature-limited-width-content-enabled vector-feature-custom-font-size-clientpref-1 vector-feature-appearance-pinned-clientpref-1 vector-feature-night-mode-enabled skin-theme-clientpref-day vector-sticky-header-enabled vector-toc-available" dir="ltr" lang="en">
  <head>
    <meta charset="UTF-8"/>
    <title>Toledo - Wikipedia</title>
    <script>(function(){var className="client-js vector-feature-language-in-header-enabled vector-feature-language-in-main-page-header-disabled vector-feature-page-tools-pinned-disabled vector-feature-toc-pinned-clientpref-1 vector-feature-main-menu-pinned-disabled vector-feature-limited-width-clientpref-1 vector-feature-limited-width-content-enabled vector-feature-custom-font-size-clientpref-1 vector-feature-appearance-pinned-clientpref-1 vector-feature-night-mode-enabled skin-theme-clientpref-day vector-sticky-header-enabled vector-toc-available";var cookie=document.cookie.match(/(?:^|; )enwikimwclientpreferences=([^;]+)/);if(cookie){cookie[1].split('%2C').forEach(function(pref){className=className.replace(new RegExp('(^| )'+pref.replace(/-clientpref-\w+$|[^\w-]+/g,'')+'-clientpref-\\w+( |$)'),'$1'+pref+'$2');});}document.documentElement.className=className;}());RLCONF={"wgBreakFrames":false,"wgSeparatorTransformTable":["",""],"wgDigitTransformTable":["",""],"wgDefaultDateFormat":"dmy","wgMonthNames":["","January","February","March","April","May","June","July","August","September","October","November","December"],"wgRequestId":"a4d16db3-2296-4cb7-8137-76848eed0d3b","wgCanonicalNamespace":"","wgCanonicalSpecialPageName":false,"wgNamespaceNumber":0,"wgPageName":"Toledo","wgTitle":"Toledo","wgCurRevisionId":1300181887,"wgRevisionId":1300181887,"wgArticleId":106179,"wgIsArticle":true,"wgIsRedirect":false,"wgAction":"view","wgUserName":null,"wgUserGroups":["*"],"wgCategories":["Short description is different from Wikidata","All article disambiguation pages","All disambiguation pages","Disambiguation pages","Place name disambiguation pages","Ship disambiguation pages"],"wgPageViewLanguage":"en","wgPageContentLanguage":"en","wgPageContentModel":"wikitext","wgRelevantPageName":"Toledo","wgRelevantArticleId":106179,"wgIsProbablyEditable":true,"wgRelevantPageIsProbablyEditable":true,"wgRestrictionEdit":[],"wgRestrictionMove":[],"wgNoticeProject":"wikipedia","wgCiteReferencePreviewsActive":false,"wgFlaggedRevsParams":{"tags":{"status":{"levels":1}}},"wgMediaViewerOnClick":true,"wgMediaViewerEnabledByDefault":true,"wgPopupsFlags":0,"wgVisualEditor":{"pageLanguageCode":"en","pageLanguageDir":"ltr","pageVariantFallbacks":"en"},"wgMFDisplayWikibaseDescriptions":{"search":true,"watchlist":true,"tagline":false,"nearby":true},"wgWMESchemaEditAttemptStepOversample":false,"wgWMEPageLength":3000,"wgMetricsPlatformUserExperiments":{"active_experiments":[],"overrides":[],"enrolled":[],"assigned":[],"subject_ids":[],"sampling_units":[]},"wgEditSubmitButtonLabelPublish":true,"wgULSPosition":"interlanguage","wgULSisCompactLinksEnabled":false,"wgVector2022LanguageInHeader":true,"wgULSisLanguageSelectorEmpty":false,"wgWikibaseItemId":"Q374202","wgCheckUserClientHintsHeadersJsApi":["brands","architecture","bitness","fullVersionList","mobile","model","platform","platformVersion"],"GEHomepageSuggestedEditsEnableTopics":true,"wgGESuggestedEditsTaskTypes":{"taskTypes":["copyedit","link-recommendation"],"unavailableTaskTypes":[]},"wgGETopicsMatchModeEnabled":false,"wgGELevelingUpEnabledForUser":false};
RLSTATE={"ext.globalCssJs.user.styles":"ready","site.styles":"ready","user.styles":"ready","ext.globalCssJs.user":"ready","user":"ready","user.options":"loading","skins.vector.search.codex.styles":"ready","skins.vector.styles":"ready","skins.vector.icons":"ready","ext.wikimediamessages.styles":"ready","ext.visualEditor.desktopArticleTarget.noscript":"ready","ext.uls.interlanguage":"ready","wikibase.client.init":"ready"};RLPAGEMODULES=["ext.xLab","site","mediawiki.page.ready","mediawiki.toc","skins.vector.js","ext.centralNotice.geoIP","ext.centralNotice.startUp","ext.gadget.ReferenceTooltips","ext.gadget.switcher","ext.urlShortener.toolbar","ext.centralauth.centralautologin","mmv.bootstrap","ext.popups","ext.visualEditor.desktopArticleTarget.init","ext.visualEditor.targetLoader","ext.echo.centralauth","ext.eventLogging","ext.wikimediaEvents","ext.navigationTiming","ext.uls.interface","ext.cx.eventlogging.campaigns","ext.cx.uls.quick.actions","wikibase.client.vector-2022","ext.checkUser.clientHints","ext.quicksurveys.init","ext.growthExperiments.SuggestedEditSession"];</script>
    <script>(RLQ=window.RLQ||[]).push(function(){mw.loader.impl(function(){return["user.options@12s5i",function($,jQuery,require,module){mw.user.tokens.set({"patrolToken":"+\\","watchToken":"+\\","csrfToken":"+\\"});
}];});});</script>
    <link rel="stylesheet" href="/w/load.php?lang=en&amp;modules=ext.uls.interlanguage%7Cext.visualEditor.desktopArticleTarget.noscript%7Cext.wikimediamessages.styles%7Cskins.vector.icons%2Cstyles%7Cskins.vector.search.codex.styles%7Cwikibase.client.init&amp;only=styles&amp;skin=vector-2022"/>
    <script async="" src="/w/load.php?lang=en&amp;modules=startup&amp;only=scripts&amp;raw=1&amp;skin=vector-2022"/>
    <meta name="ResourceLoaderDynamicStyles" content=""/>
    <link rel="stylesheet" href="/w/load.php?lang=en&amp;modules=site.styles&amp;only=styles&amp;skin=vector-2022"/>
    <meta name="generator" content="MediaWiki 1.45.0-wmf.12"/>
    <meta name="referrer" content="origin"/>
    <meta name="referrer" content="origin-when-cross-origin"/>
    <meta name="robots" content="max-image-preview:standard"/>
    <meta name="format-detection" content="telephone=no"/>
    <meta name="viewport" content="width=1120"/>
    <meta property="og:title" content="Toledo - Wikipedia"/>
    <meta property="og:type" content="website"/>
    <link rel="preconnect" href="//upload.wikimedia.org"/>
    <link rel="alternate" media="only screen and (max-width: 640px)" href="//en.m.wikipedia.org/wiki/Toledo"/>
    <link rel="alternate" type="application/x-wiki" title="Edit this page" href="/w/index.php?title=Toledo&amp;action=edit"/>
    <link rel="apple-touch-icon" href="/static/apple-touch/wikipedia.png"/>
    <link rel="icon" href="/static/favicon/wikipedia.ico"/>
    <link rel="search" type="application/opensearchdescription+xml" href="/w/rest.php/v1/search" title="Wikipedia (en)"/>
    <link rel="EditURI" type="application/rsd+xml" href="//en.wikipedia.org/w/api.php?action=rsd"/>
    <link rel="canonical" href="https://en.wikipedia.org/wiki/Toledo"/>
    <link rel="license" href="https://creativecommons.org/licenses/by-sa/4.0/deed.en"/>
    <link rel="alternate" type="application/atom+xml" title="Wikipedia Atom feed" href="/w/index.php?title=Special:RecentChanges&amp;feed=atom"/>
    <link rel="dns-prefetch" href="//meta.wikimedia.org"/>
    <link rel="dns-prefetch" href="auth.wikimedia.org"/>
  </head>
  <body class="skin--responsive skin-vector skin-vector-search-vue mediawiki ltr sitedir-ltr mw-hide-empty-elt ns-0 ns-subject mw-editable page-Toledo rootpage-Toledo skin-vector-2022 action-view">
    <a shape="rect" class="mw-jump-link" href="#bodyContent">Jump to content</a>
    <div class="vector-header-container">
      <header class="vector-header mw-header no-font-mode-scale">
        <div class="vector-header-start">
          <nav class="vector-main-menu-landmark" aria-label="Site">
            <div class="vector-dropdown vector-main-menu-dropdown vector-button-flush-left vector-button-flush-right" id="vector-main-menu-dropdown" title="Main menu">
              <input type="checkbox" class="vector-dropdown-checkbox" id="vector-main-menu-dropdown-checkbox" role="button" aria-haspopup="true" data-event-name="ui.dropdown-vector-main-menu-dropdown" aria-label="Main menu"/>
              <label for="vector-main-menu-dropdown-checkbox" class="vector-dropdown-label cdx-button cdx-button--fake-button cdx-button--fake-button--enabled cdx-button--weight-quiet cdx-button--icon-only" id="vector-main-menu-dropdown-label" aria-hidden="true">
                <span class="vector-icon mw-ui-icon-menu mw-ui-icon-wikimedia-menu"/>
                <span class="vector-dropdown-label-text">Main menu</span>
              </label>
              <div class="vector-dropdown-content">
                <div class="vector-unpinned-container" id="vector-main-menu-unpinned-container">
                  <div class="vector-main-menu vector-pinnable-element" id="vector-main-menu">
                    <div class="vector-pinnable-header vector-main-menu-pinnable-header vector-pinnable-header-unpinned" data-feature-name="main-menu-pinned" data-pinnable-element-id="vector-main-menu" data-pinned-container-id="vector-main-menu-pinned-container" data-unpinned-container-id="vector-main-menu-unpinned-container">
                      <div class="vector-pinnable-header-label">Main menu</div>
                      <button type="submit" class="vector-pinnable-header-toggle-button vector-pinnable-header-pin-button" data-event-name="pinnable-header.vector-main-menu.pin">move to sidebar</button>
                      <button type="submit" class="vector-pinnable-header-toggle-button vector-pinnable-header-unpin-button" data-event-name="pinnable-header.vector-main-menu.unpin">hide</button>
                    </div>
                    <div class="vector-menu mw-portlet mw-portlet-navigation" id="p-navigation">
                      <div class="vector-menu-heading">
		Navigation
	</div>
                      <div class="vector-menu-content">
                        <ul class="vector-menu-content-list">
                          <li class="mw-list-item" id="n-mainpage-description">
                            <a shape="rect" href="/wiki/Main_Page" title="Visit the main page [z]" accesskey="z">
                              <span>Main page</span>
                            </a>
                          </li>
                          <li class="mw-list-item" id="n-contents">
                            <a shape="rect" href="/wiki/Wikipedia:Contents" title="Guides to browsing Wikipedia">
                              <span>Contents</span>
                            </a>
                          </li>
                          <li class="mw-list-item" id="n-currentevents">
                            <a shape="rect" href="/wiki/Portal:Current_events" title="Articles related to current events">
                              <span>Current events</span>
                            </a>
                          </li>
                          <li class="mw-list-item" id="n-randompage">
                            <a shape="rect" href="/wiki/Special:Random" title="Visit a randomly selected article [x]" accesskey="x">
                              <span>Random article</span>
                            </a>
                          </li>
                          <li class="mw-list-item" id="n-aboutsite">
                            <a shape="rect" href="/wiki/Wikipedia:About" title="Learn about Wikipedia and how it works">
                              <span>About Wikipedia</span>
                            </a>
                          </li>
                          <li class="mw-list-item" id="n-contactpage">
                            <a shape="rect" href="//en.wikipedia.org/wiki/Wikipedia:Contact_us" title="How to contact Wikipedia">
                              <span>Contact us</span>
                            </a>
                          </li>
                        </ul>
                      </div>
                    </div>
                    <div class="vector-menu mw-portlet mw-portlet-interaction" id="p-interaction">
                      <div class="vector-menu-heading">
		Contribute
	</div>
                      <div class="vector-menu-content">
                        <ul class="vector-menu-content-list">
                          <li class="mw-list-item" id="n-help">
                            <a shape="rect" href="/wiki/Help:Contents" title="Guidance on how to use and edit Wikipedia">
                              <span>Help</span>
                            </a>
                          </li>
                          <li class="mw-list-item" id="n-introduction">
                            <a shape="rect" href="/wiki/Help:Introduction" title="Learn how to edit Wikipedia">
                              <span>Learn to edit</span>
                            </a>
                          </li>
                          <li class="mw-list-item" id="n-portal">
                            <a shape="rect" href="/wiki/Wikipedia:Community_portal" title="The hub for editors">
                              <span>Community portal</span>
                            </a>
                          </li>
                          <li class="mw-list-item" id="n-recentchanges">
                            <a shape="rect" href="/wiki/Special:RecentChanges" title="A list of recent changes to Wikipedia [r]" accesskey="r">
                              <span>Recent changes</span>
                            </a>
                          </li>
                          <li class="mw-list-item" id="n-upload">
                            <a shape="rect" href="/wiki/Wikipedia:File_upload_wizard" title="Add images or other media for use on Wikipedia">
                              <span>Upload file</span>
                            </a>
                          </li>
                          <li class="mw-list-item" id="n-specialpages">
                            <a shape="rect" href="/wiki/Special:SpecialPages">
                              <span>Special pages</span>
                            </a>
                          </li>
                        </ul>
                      </div>
                    </div>
                  </div>
                </div>
              </div>
            </div>
          </nav>
          <a shape="rect" class="mw-logo" href="/wiki/Main_Page">
            <img class="mw-logo-icon" src="/static/images/icons/wikipedia.png" alt="" aria-hidden="true" height="50" width="50"/>
            <span class="mw-logo-container skin-invert">
              <img class="mw-logo-wordmark" alt="Wikipedia" src="/static/images/mobile/copyright/wikipedia-wordmark-en.svg" style="width: 7.5em; height: 1.125em;"/>
              <img class="mw-logo-tagline" alt="The Free Encyclopedia" src="/static/images/mobile/copyright/wikipedia-tagline-en.svg" width="117" height="13" style="width: 7.3125em; height: 0.8125em;"/>
            </span>
          </a>
        </div>
        <div class="vector-header-end">
          <div class="vector-search-box-vue vector-search-box-collapses vector-search-box-show-thumbnail vector-search-box-auto-expand-width vector-search-box" id="p-search" role="search">
            <a shape="rect" class="cdx-button cdx-button--fake-button cdx-button--fake-button--enabled cdx-button--weight-quiet cdx-button--icon-only search-toggle" href="/wiki/Special:Search" title="Search Wikipedia [f]" accesskey="f">
              <span class="vector-icon mw-ui-icon-search mw-ui-icon-wikimedia-search"/>
              <span>Search</span>
            </a>
            <div class="vector-typeahead-search-container">
              <div class="cdx-typeahead-search cdx-typeahead-search--show-thumbnail cdx-typeahead-search--auto-expand-width">
                <form enctype="application/x-www-form-urlencoded" method="get" class="cdx-search-input cdx-search-input--has-end-button" id="searchform" action="/w/index.php">
                  <div class="cdx-search-input__input-wrapper" id="simpleSearch" data-search-loc="header-moved">
                    <div class="cdx-text-input cdx-text-input--has-start-icon">
                      <input type="search" class="cdx-text-input__input mw-searchInput" id="searchInput" autocomplete="off" name="search" placeholder="Search Wikipedia" aria-label="Search Wikipedia" autocapitalize="sentences" spellcheck="false" title="Search Wikipedia [f]" accesskey="f"/>
                      <span class="cdx-text-input__icon cdx-text-input__start-icon"/>
                    </div>
                    <input type="hidden" name="title" value="Special:Search"/>
                  </div>
                  <button type="submit" class="cdx-button cdx-search-input__end-button">Search</button>
                </form>
              </div>
            </div>
          </div>
          <nav class="vector-user-links vector-user-links-wide" aria-label="Personal tools">
            <div class="vector-user-links-main">
              <div class="vector-menu mw-portlet emptyPortlet" id="p-vector-user-menu-preferences">
                <div class="vector-menu-content">
                  <ul class="vector-menu-content-list"/>
                </div>
              </div>
              <div class="vector-menu mw-portlet emptyPortlet" id="p-vector-user-menu-userpage">
                <div class="vector-menu-content">
                  <ul class="vector-menu-content-list"/>
                </div>
              </div>
              <nav class="vector-appearance-landmark" aria-label="Appearance">
                <div class="vector-dropdown" id="vector-appearance-dropdown" title="Change the appearance of the page's font size, width, and color">
                  <input type="checkbox" class="vector-dropdown-checkbox" id="vector-appearance-dropdown-checkbox" role="button" aria-haspopup="true" data-event-name="ui.dropdown-vector-appearance-dropdown" aria-label="Appearance"/>
                  <label for="vector-appearance-dropdown-checkbox" class="vector-dropdown-label cdx-button cdx-button--fake-button cdx-button--fake-button--enabled cdx-button--weight-quiet cdx-button--icon-only" id="vector-appearance-dropdown-label" aria-hidden="true">
                    <span class="vector-icon mw-ui-icon-appearance mw-ui-icon-wikimedia-appearance"/>
                    <span class="vector-dropdown-label-text">Appearance</span>
                  </label>
                  <div class="vector-dropdown-content">
                    <div class="vector-unpinned-container" id="vector-appearance-unpinned-container"/>
                  </div>
                </div>
              </nav>
              <div class="vector-menu mw-portlet emptyPortlet" id="p-vector-user-menu-notifications">
                <div class="vector-menu-content">
                  <ul class="vector-menu-content-list"/>
                </div>
              </div>
              <div class="vector-menu mw-portlet" id="p-vector-user-menu-overflow">
                <div class="vector-menu-content">
                  <ul class="vector-menu-content-list">
                    <li class="user-links-collapsible-item mw-list-item user-links-collapsible-item" id="pt-sitesupport-2">
                      <a shape="rect" class="" data-mw="interface" href="https://donate.wikimedia.org/?wmf_source=donate&amp;wmf_medium=sidebar&amp;wmf_campaign=en.wikipedia.org&amp;uselang=en">
                        <span>Donate</span>
                      </a>
                    </li>
                    <li class="user-links-collapsible-item mw-list-item user-links-collapsible-item" id="pt-createaccount-2">
                      <a shape="rect" class="" data-mw="interface" href="/w/index.php?title=Special:CreateAccount&amp;returnto=Toledo" title="You are encouraged to create an account and log in; however, it is not mandatory">
                        <span>Create account</span>
                      </a>
                    </li>
                    <li class="user-links-collapsible-item mw-list-item user-links-collapsible-item" id="pt-login-2">
                      <a shape="rect" class="" data-mw="interface" href="/w/index.php?title=Special:UserLogin&amp;returnto=Toledo" title="You're encouraged to log in; however, it's not mandatory. [o]" accesskey="o">
                        <span>Log in</span>
                      </a>
                    </li>
                  </ul>
                </div>
              </div>
            </div>
            <div class="vector-dropdown vector-user-menu vector-button-flush-right vector-user-menu-logged-out" id="vector-user-links-dropdown" title="Log in and more options">
              <input type="checkbox" class="vector-dropdown-checkbox" id="vector-user-links-dropdown-checkbox" role="button" aria-haspopup="true" data-event-name="ui.dropdown-vector-user-links-dropdown" aria-label="Personal tools"/>
              <label for="vector-user-links-dropdown-checkbox" class="vector-dropdown-label cdx-button cdx-button--fake-button cdx-button--fake-button--enabled cdx-button--weight-quiet cdx-button--icon-only" id="vector-user-links-dropdown-label" aria-hidden="true">
                <span class="vector-icon mw-ui-icon-ellipsis mw-ui-icon-wikimedia-ellipsis"/>
                <span class="vector-dropdown-label-text">Personal tools</span>
              </label>
              <div class="vector-dropdown-content">
                <div class="vector-menu mw-portlet mw-portlet-personal user-links-collapsible-item" id="p-personal" title="User menu">
                  <div class="vector-menu-content">
                    <ul class="vector-menu-content-list">
                      <li class="user-links-collapsible-item mw-list-item" id="pt-sitesupport">
                        <a shape="rect" href="https://donate.wikimedia.org/?wmf_source=donate&amp;wmf_medium=sidebar&amp;wmf_campaign=en.wikipedia.org&amp;uselang=en">
                          <span>Donate</span>
                        </a>
                      </li>
                      <li class="user-links-collapsible-item mw-list-item" id="pt-createaccount">
                        <a shape="rect" href="/w/index.php?title=Special:CreateAccount&amp;returnto=Toledo" title="You are encouraged to create an account and log in; however, it is not mandatory">
                          <span class="vector-icon mw-ui-icon-userAdd mw-ui-icon-wikimedia-userAdd"/>
                          <span>Create account</span>
                        </a>
                      </li>
                      <li class="user-links-collapsible-item mw-list-item" id="pt-login">
                        <a shape="rect" href="/w/index.php?title=Special:UserLogin&amp;returnto=Toledo" title="You're encouraged to log in; however, it's not mandatory. [o]" accesskey="o">
                          <span class="vector-icon mw-ui-icon-logIn mw-ui-icon-wikimedia-logIn"/>
                          <span>Log in</span>
                        </a>
                      </li>
                    </ul>
                  </div>
                </div>
                <div class="vector-menu mw-portlet mw-portlet-user-menu-anon-editor" id="p-user-menu-anon-editor">
                  <div class="vector-menu-heading">

		Pages for logged out editors                     <a shape="rect" href="/wiki/Help:Introduction" aria-label="Learn more about editing">
                      <span>learn more</span>
                    </a>
                  </div>
                  <div class="vector-menu-content">
                    <ul class="vector-menu-content-list">
                      <li class="mw-list-item" id="pt-anoncontribs">
                        <a shape="rect" href="/wiki/Special:MyContributions" title="A list of edits made from this IP address [y]" accesskey="y">
                          <span>Contributions</span>
                        </a>
                      </li>
                      <li class="mw-list-item" id="pt-anontalk">
                        <a shape="rect" href="/wiki/Special:MyTalk" title="Discussion about edits from this IP address [n]" accesskey="n">
                          <span>Talk</span>
                        </a>
                      </li>
                    </ul>
                  </div>
                </div>
              </div>
            </div>
          </nav>
        </div>
      </header>
    </div>
    <div class="mw-page-container">
      <div class="mw-page-container-inner">
        <div class="vector-sitenotice-container">
          <div id="siteNotice"/>
        </div>
        <div class="vector-column-start">
          <div class="vector-main-menu-container">
            <div id="mw-navigation">
              <nav id="mw-panel" class="vector-main-menu-landmark" aria-label="Site">
                <div class="vector-pinned-container" id="vector-main-menu-pinned-container"/>
              </nav>
            </div>
          </div>
          <div class="vector-sticky-pinned-container">
            <nav id="mw-panel-toc" aria-label="Contents" data-event-name="ui.sidebar-toc" class="mw-table-of-contents-container vector-toc-landmark">
              <div class="vector-pinned-container" id="vector-toc-pinned-container">
                <div class="vector-toc vector-pinnable-element" id="vector-toc">
                  <div class="vector-pinnable-header vector-toc-pinnable-header vector-pinnable-header-pinned" data-feature-name="toc-pinned" data-pinnable-element-id="vector-toc">
                    <h2 class="vector-pinnable-header-label">Contents</h2>
                    <button type="submit" class="vector-pinnable-header-toggle-button vector-pinnable-header-pin-button" data-event-name="pinnable-header.vector-toc.pin">move to sidebar</button>
                    <button type="submit" class="vector-pinnable-header-toggle-button vector-pinnable-header-unpin-button" data-event-name="pinnable-header.vector-toc.unpin">hide</button>
                  </div>
                  <ul class="vector-toc-contents" id="mw-panel-toc-list">
                    <li class="vector-toc-list-item vector-toc-level-1" id="toc-mw-content-text">
                      <a shape="rect" class="vector-toc-link" href="#"/>
                      <div class="vector-toc-text">(Top)</div>
                    </li>
                    <li class="vector-toc-list-item vector-toc-level-1 vector-toc-list-item-expanded" id="toc-Places">
                      <a shape="rect" class="vector-toc-link" href="#Places"/>
                      <div class="vector-toc-text">
                        <span class="vector-toc-numb">1</span>
                        <span>Places</span>
                      </div>
                      <button type="submit" class="cdx-button cdx-button--weight-quiet cdx-button--icon-only vector-toc-toggle" aria-controls="toc-Places-sublist">
                        <span class="vector-icon mw-ui-icon-wikimedia-expand"/>
                        <span>Toggle Places subsection</span>
                      </button>
                      <ul class="vector-toc-list" id="toc-Places-sublist">
                        <li class="vector-toc-list-item vector-toc-level-2" id="toc-Belize">
                          <a shape="rect" class="vector-toc-link" href="#Belize"/>
                          <div class="vector-toc-text">
                            <span class="vector-toc-numb">1.1</span>
                            <span>Belize</span>
                          </div>
                          <ul class="vector-toc-list" id="toc-Belize-sublist"/>
                        </li>
                        <li class="vector-toc-list-item vector-toc-level-2" id="toc-Bolivia">
                          <a shape="rect" class="vector-toc-link" href="#Bolivia"/>
                          <div class="vector-toc-text">
                            <span class="vector-toc-numb">1.2</span>
                            <span>Bolivia</span>
                          </div>
                          <ul class="vector-toc-list" id="toc-Bolivia-sublist"/>
                        </li>
                        <li class="vector-toc-list-item vector-toc-level-2" id="toc-Brazil">
                          <a shape="rect" class="vector-toc-link" href="#Brazil"/>
                          <div class="vector-toc-text">
                            <span class="vector-toc-numb">1.3</span>
                            <span>Brazil</span>
                          </div>
                          <ul class="vector-toc-list" id="toc-Brazil-sublist"/>
                        </li>
                        <li class="vector-toc-list-item vector-toc-level-2" id="toc-Canada">
                          <a shape="rect" class="vector-toc-link" href="#Canada"/>
                          <div class="vector-toc-text">
                            <span class="vector-toc-numb">1.4</span>
                            <span>Canada</span>
                          </div>
                          <ul class="vector-toc-list" id="toc-Canada-sublist"/>
                        </li>
                        <li class="vector-toc-list-item vector-toc-level-2" id="toc-Colombia">
                          <a shape="rect" class="vector-toc-link" href="#Colombia"/>
                          <div class="vector-toc-text">
                            <span class="vector-toc-numb">1.5</span>
                            <span>Colombia</span>
                          </div>
                          <ul class="vector-toc-list" id="toc-Colombia-sublist"/>
                        </li>
                        <li class="vector-toc-list-item vector-toc-level-2" id="toc-Philippines">
                          <a shape="rect" class="vector-toc-link" href="#Philippines"/>
                          <div class="vector-toc-text">
                            <span class="vector-toc-numb">1.6</span>
                            <span>Philippines</span>
                          </div>
                          <ul class="vector-toc-list" id="toc-Philippines-sublist"/>
                        </li>
                        <li class="vector-toc-list-item vector-toc-level-2" id="toc-Spain">
                          <a shape="rect" class="vector-toc-link" href="#Spain"/>
                          <div class="vector-toc-text">
                            <span class="vector-toc-numb">1.7</span>
                            <span>Spain</span>
                          </div>
                          <ul class="vector-toc-list" id="toc-Spain-sublist"/>
                        </li>
                        <li class="vector-toc-list-item vector-toc-level-2" id="toc-United_States">
                          <a shape="rect" class="vector-toc-link" href="#United_States"/>
                          <div class="vector-toc-text">
                            <span class="vector-toc-numb">1.8</span>
                            <span>United States</span>
                          </div>
                          <ul class="vector-toc-list" id="toc-United_States-sublist"/>
                        </li>
                        <li class="vector-toc-list-item vector-toc-level-2" id="toc-Uruguay">
                          <a shape="rect" class="vector-toc-link" href="#Uruguay"/>
                          <div class="vector-toc-text">
                            <span class="vector-toc-numb">1.9</span>
                            <span>Uruguay</span>
                          </div>
                          <ul class="vector-toc-list" id="toc-Uruguay-sublist"/>
                        </li>
                      </ul>
                    </li>
                    <li class="vector-toc-list-item vector-toc-level-1 vector-toc-list-item-expanded" id="toc-Ships">
                      <a shape="rect" class="vector-toc-link" href="#Ships"/>
                      <div class="vector-toc-text">
                        <span class="vector-toc-numb">2</span>
                        <span>Ships</span>
                      </div>
                      <ul class="vector-toc-list" id="toc-Ships-sublist"/>
                    </li>
                    <li class="vector-toc-list-item vector-toc-level-1 vector-toc-list-item-expanded" id="toc-Other_uses">
                      <a shape="rect" class="vector-toc-link" href="#Other_uses"/>
                      <div class="vector-toc-text">
                        <span class="vector-toc-numb">3</span>
                        <span>Other uses</span>
                      </div>
[...]
          </li>
          <li>
            <a shape="rect" class="mw-redirect" href="/wiki/Toledo_Chico" title="Toledo Chico">Toledo Chico</a>
, a neighborhood in Montevideo          </li>
          <li>
Toledo Strip, an Ohio/Michigan border region, disputed in the 1830s             <a shape="rect" href="/wiki/Toledo_War" title="Toledo War">Toledo War</a>
          </li>
        </ul>
        <div class="shortdescription nomobile noexcerpt noprint searchaux" style="display:none">Topics referred to by the same term</div>
        <style data-mw-deduplicate="TemplateStyles:r1097304697">.mw-parser-output .dmbox{display:flex;align-items:center;clear:both;margin:0.9em 1em;border-top:1px solid #ccc;border-bottom:1px solid #ccc;padding:0.25em 0.35em;font-style:italic}.mw-parser-output .dmbox&gt;*{flex-shrink:0;margin:0 0.25em}.mw-parser-output .dmbox-body{flex-grow:1;flex-shrink:1;padding:0.1em 0}.mw-parser-output .dmbox-invalid-type{text-align:center}</style>
        <div class="metadata plainlinks dmbox dmbox-disambig" id="disambigbox" role="note">
          <span typeof="mw:File">
            <a shape="rect" class="mw-file-description" href="/wiki/File:Disambig_gray.svg">
              <img class="mw-file-element" alt="Disambiguation icon" src="//upload.wikimedia.org/wikipedia/en/thumb/5/5f/Disambig_gray.svg/40px-Disambig_gray.svg.png" decoding="async" width="30" height="23" srcset="//upload.wikimedia.org/wikipedia/en/thumb/5/5f/Disambig_gray.svg/60px-Disambig_gray.svg.png 1.5x" data-file-width="220" data-file-height="168"/>
            </a>
          </span>
          <div class="dmbox-body">
This             <a shape="rect" href="/wiki/Help:Disambiguation" title="Help:Disambiguation">disambiguation</a>
 page lists  articles associated with the title             <b>Toledo</b>
.            <br clear="none"/>
            <small>
If an               <a shape="rect" class="external text" href="https://en.wikipedia.org/w/index.php?title=Special:WhatLinksHere/Toledo&amp;namespace=0">internal link</a>
 led you here, you may wish to change the link to point directly to the intended article.            </small>
          </div>
        </div>
      </div>
      <noscript>
        <img src="https://en.wikipedia.org/wiki/Special:CentralAutoLogin/start?type=1x1&amp;usesul3=1" alt="" width="1" height="1" style="border: none; position: absolute;"/>
      </noscript>
      <div class="printfooter" data-nosnippet="">
Retrieved from "        <a shape="rect" dir="ltr" href="https://en.wikipedia.org/w/index.php?title=Toledo&amp;oldid=1300181887">https://en.wikipedia.org/w/index.php?title=Toledo&amp;oldid=1300181887</a>
"      </div>
    </div>
    <div class="catlinks" id="catlinks" data-mw="interface">
      <div class="mw-normal-catlinks" id="mw-normal-catlinks">
        <a shape="rect" href="/wiki/Help:Category" title="Help:Category">Categories</a>
:         <ul>
          <li>
            <a shape="rect" href="/wiki/Category:Disambiguation_pages" title="Category:Disambiguation pages">Disambiguation pages</a>
          </li>
          <li>
            <a shape="rect" href="/wiki/Category:Place_name_disambiguation_pages" title="Category:Place name disambiguation pages">Place name disambiguation pages</a>
          </li>
          <li>
            <a shape="rect" href="/wiki/Category:Ship_disambiguation_pages" title="Category:Ship disambiguation pages">Ship disambiguation pages</a>
          </li>
        </ul>
      </div>
      <div class="mw-hidden-catlinks mw-hidden-cats-hidden" id="mw-hidden-catlinks">
Hidden categories:         <ul>
          <li>
            <a shape="rect" href="/wiki/Category:Short_description_is_different_from_Wikidata" title="Category:Short description is different from Wikidata">Short description is different from Wikidata</a>
          </li>
          <li>
            <a shape="rect" href="/wiki/Category:All_article_disambiguation_pages" title="Category:All article disambiguation pages">All article disambiguation pages</a>
          </li>
          <li>
            <a shape="rect" href="/wiki/Category:All_disambiguation_pages" title="Category:All disambiguation pages">All disambiguation pages</a>
          </li>
        </ul>
      </div>
    </div>
    <div class="mw-footer-container">
      <footer id="footer" class="mw-footer">
        <ul id="footer-info">
          <li id="footer-info-lastmod">
 This page was last edited on 12 July 2025, at 19:11            <span class="anonymous-show"> (UTC)</span>
.          </li>
          <li id="footer-info-copyright">
Text is available under the             <a shape="rect" href="/wiki/Wikipedia:Text_of_the_Creative_Commons_Attribution-ShareAlike_4.0_International_License" title="Wikipedia:Text of the Creative Commons Attribution-ShareAlike 4.0 International License">Creative Commons Attribution-ShareAlike 4.0 License</a>
;
additional terms may apply. By using this site, you agree to the             <a shape="rect" class="extiw" href="https://foundation.wikimedia.org/wiki/Special:MyLanguage/Policy:Terms_of_Use" title="foundation:Special:MyLanguage/Policy:Terms of Use">Terms of Use</a>
 and             <a shape="rect" class="extiw" href="https://foundation.wikimedia.org/wiki/Special:MyLanguage/Policy:Privacy_policy" title="foundation:Special:MyLanguage/Policy:Privacy policy">Privacy Policy</a>
. Wikipedia® is a registered trademark of the             <a shape="rect" class="external text" rel="nofollow" href="https://wikimediafoundation.org/">Wikimedia Foundation, Inc.</a>
, a non-profit organization.          </li>
        </ul>
        <ul id="footer-places">
          <li id="footer-places-privacy">
            <a shape="rect" href="https://foundation.wikimedia.org/wiki/Special:MyLanguage/Policy:Privacy_policy">Privacy policy</a>
          </li>
          <li id="footer-places-about">
            <a shape="rect" href="/wiki/Wikipedia:About">About Wikipedia</a>
          </li>
          <li id="footer-places-disclaimers">
            <a shape="rect" href="/wiki/Wikipedia:General_disclaimer">Disclaimers</a>
          </li>
          <li id="footer-places-contact">
            <a shape="rect" href="//en.wikipedia.org/wiki/Wikipedia:Contact_us">Contact Wikipedia</a>
          </li>
          <li id="footer-places-wm-codeofconduct">
            <a shape="rect" href="https://foundation.wikimedia.org/wiki/Special:MyLanguage/Policy:Universal_Code_of_Conduct">Code of Conduct</a>
          </li>
          <li id="footer-places-developers">
            <a shape="rect" href="https://developer.wikimedia.org">Developers</a>
          </li>
          <li id="footer-places-statslink">
            <a shape="rect" href="https://stats.wikimedia.org/#/en.wikipedia.org">Statistics</a>
          </li>
          <li id="footer-places-cookiestatement">
            <a shape="rect" href="https://foundation.wikimedia.org/wiki/Special:MyLanguage/Policy:Cookie_statement">Cookie statement</a>
          </li>
          <li id="footer-places-mobileview">
            <a shape="rect" class="noprint stopMobileRedirectToggle" href="//en.m.wikipedia.org/w/index.php?title=Toledo&amp;mobileaction=toggle_view_mobile">Mobile view</a>
          </li>
        </ul>
        <ul class="noprint" id="footer-icons">
          <li id="footer-copyrightico">
            <a shape="rect" class="cdx-button cdx-button--fake-button cdx-button--size-large cdx-button--fake-button--enabled" href="https://www.wikimedia.org/">
              <picture>
                <source media="(min-width: 500px)" srcset="/static/images/footer/wikimedia-button.svg" width="84" height="29">
                  <img lang="en" src="/static/images/footer/wikimedia.svg" width="25" height="25" alt="Wikimedia Foundation" loading="lazy"/>
                </source>
              </picture>
            </a>
          </li>
          <li id="footer-poweredbyico">
            <a shape="rect" class="cdx-button cdx-button--fake-button cdx-button--size-large cdx-button--fake-button--enabled" href="https://www.mediawiki.org/">
              <picture>
                <source media="(min-width: 500px)" srcset="/w/resources/assets/poweredby_mediawiki.svg" width="88" height="31">
                  <img lang="en" src="/w/resources/assets/mediawiki_compact.svg" alt="Powered by MediaWiki" width="25" height="25" loading="lazy"/>
                </source>
              </picture>
            </a>
          </li>
        </ul>
      </footer>
    </div>
    <div class="vector-header-container vector-sticky-header-container no-font-mode-scale">
      <div class="vector-sticky-header" id="vector-sticky-header">
        <div class="vector-sticky-header-start">
          <div class="vector-sticky-header-icon-start vector-button-flush-left vector-button-flush-right" aria-hidden="true">
            <button tabindex="-1" type="submit" class="cdx-button cdx-button--weight-quiet cdx-button--icon-only vector-sticky-header-search-toggle" data-event-name="ui.vector-sticky-search-form.icon">
              <span class="vector-icon mw-ui-icon-search mw-ui-icon-wikimedia-search"/>
              <span>Search</span>
            </button>
          </div>
          <div class="vector-search-box-vue vector-search-box-show-thumbnail vector-search-box" role="search">
            <div class="vector-typeahead-search-container">
              <div class="cdx-typeahead-search cdx-typeahead-search--show-thumbnail">
                <form enctype="application/x-www-form-urlencoded" method="get" class="cdx-search-input cdx-search-input--has-end-button" id="vector-sticky-search-form" action="/w/index.php">
                  <div class="cdx-search-input__input-wrapper" data-search-loc="header-moved">
                    <div class="cdx-text-input cdx-text-input--has-start-icon">
                      <input type="search" class="cdx-text-input__input mw-searchInput" autocomplete="off" name="search" placeholder="Search Wikipedia"/>
                      <span class="cdx-text-input__icon cdx-text-input__start-icon"/>
                    </div>
                    <input type="hidden" name="title" value="Special:Search"/>
                  </div>
                  <button type="submit" class="cdx-button cdx-search-input__end-button">Search</button>
                </form>
              </div>
            </div>
          </div>
          <div class="vector-sticky-header-context-bar">
            <nav aria-label="Contents" class="vector-toc-landmark">
              <div class="vector-dropdown mw-portlet mw-portlet-sticky-header-toc vector-sticky-header-toc vector-button-flush-left" id="vector-sticky-header-toc">
                <input type="checkbox" class="vector-dropdown-checkbox" id="vector-sticky-header-toc-checkbox" role="button" aria-haspopup="true" data-event-name="ui.dropdown-vector-sticky-header-toc" aria-label="Toggle the table of contents"/>
                <label for="vector-sticky-header-toc-checkbox" class="vector-dropdown-label cdx-button cdx-button--fake-button cdx-button--fake-button--enabled cdx-button--weight-quiet cdx-button--icon-only" id="vector-sticky-header-toc-label" aria-hidden="true">
                  <span class="vector-icon mw-ui-icon-listBullet mw-ui-icon-wikimedia-listBullet"/>
                  <span class="vector-dropdown-label-text">Toggle the table of contents</span>
                </label>
                <div class="vector-dropdown-content">
                  <div class="vector-unpinned-container" id="vector-sticky-header-toc-unpinned-container"/>
                </div>
              </div>
            </nav>
            <div class="vector-sticky-header-context-bar-primary" aria-hidden="true">
              <span class="mw-page-title-main">Toledo</span>
            </div>
          </div>
        </div>
        <div class="vector-sticky-header-end" aria-hidden="true">
          <div class="vector-sticky-header-icons">
            <a shape="rect" tabindex="-1" class="cdx-button cdx-button--fake-button cdx-button--fake-button--enabled cdx-button--weight-quiet cdx-button--icon-only" id="ca-talk-sticky-header" href="#" data-event-name="talk-sticky-header">
              <span class="vector-icon mw-ui-icon-speechBubbles mw-ui-icon-wikimedia-speechBubbles"/>
              <span/>
            </a>
            <a shape="rect" tabindex="-1" class="cdx-button cdx-button--fake-button cdx-button--fake-button--enabled cdx-button--weight-quiet cdx-button--icon-only" id="ca-subject-sticky-header" href="#" data-event-name="subject-sticky-header">
              <span class="vector-icon mw-ui-icon-article mw-ui-icon-wikimedia-article"/>
              <span/>
            </a>
            <a shape="rect" tabindex="-1" class="cdx-button cdx-button--fake-button cdx-button--fake-button--enabled cdx-button--weight-quiet cdx-button--icon-only" id="ca-history-sticky-header" href="#" data-event-name="history-sticky-header">
              <span class="vector-icon mw-ui-icon-wikimedia-history mw-ui-icon-wikimedia-wikimedia-history"/>
              <span/>
            </a>
            <a shape="rect" tabindex="-1" class="cdx-button cdx-button--fake-button cdx-button--fake-button--enabled cdx-button--weight-quiet cdx-button--icon-only mw-watchlink" id="ca-watchstar-sticky-header" href="#" data-event-name="watch-sticky-header">
              <span class="vector-icon mw-ui-icon-wikimedia-star mw-ui-icon-wikimedia-wikimedia-star"/>
              <span/>
            </a>
            <a shape="rect" tabindex="-1" class="cdx-button cdx-button--fake-button cdx-button--fake-button--enabled cdx-button--weight-quiet cdx-button--icon-only" id="ca-edit-sticky-header" href="#" data-event-name="wikitext-edit-sticky-header">
              <span class="vector-icon mw-ui-icon-wikimedia-wikiText mw-ui-icon-wikimedia-wikimedia-wikiText"/>
              <span/>
            </a>
            <a shape="rect" tabindex="-1" class="cdx-button cdx-button--fake-button cdx-button--fake-button--enabled cdx-button--weight-quiet cdx-button--icon-only" id="ca-ve-edit-sticky-header" href="#" data-event-name="ve-edit-sticky-header">
              <span class="vector-icon mw-ui-icon-wikimedia-edit mw-ui-icon-wikimedia-wikimedia-edit"/>
              <span/>
            </a>
            <a shape="rect" tabindex="-1" class="cdx-button cdx-button--fake-button cdx-button--fake-button--enabled cdx-button--weight-quiet cdx-button--icon-only" id="ca-viewsource-sticky-header" href="#" data-event-name="ve-edit-protected-sticky-header">
              <span class="vector-icon mw-ui-icon-wikimedia-editLock mw-ui-icon-wikimedia-wikimedia-editLock"/>
              <span/>
            </a>
          </div>
          <div class="vector-sticky-header-buttons">
            <button tabindex="-1" type="submit" class="cdx-button cdx-button--weight-quiet mw-interlanguage-selector" id="p-lang-btn-sticky-header" data-event-name="ui.dropdown-p-lang-btn-sticky-header">
              <span class="vector-icon mw-ui-icon-wikimedia-language mw-ui-icon-wikimedia-wikimedia-language"/>
              <span>50 languages</span>
            </button>
            <a shape="rect" tabindex="-1" class="cdx-button cdx-button--fake-button cdx-button--fake-button--enabled cdx-button--weight-quiet cdx-button--action-progressive" id="ca-addsection-sticky-header" href="#" data-event-name="addsection-sticky-header">
              <span class="vector-icon mw-ui-icon-speechBubbleAdd-progressive mw-ui-icon-wikimedia-speechBubbleAdd-progressive"/>
              <span>Add topic</span>
            </a>
          </div>
          <div class="vector-sticky-header-icon-end">
            <div class="vector-user-links"/>
          </div>
        </div>
      </div>
    </div>
    <div class="mw-portlet mw-portlet-dock-bottom emptyPortlet" id="p-dock-bottom">
      <ul/>
    </div>
    <script>(RLQ=window.RLQ||[]).push(function(){mw.config.set({"wgHostname":"mw-web.eqiad.main-56d469f4c-htjwx","wgBackendResponseTime":185,"wgPageParseReport":{"limitreport":{"cputime":"0.179","walltime":"0.346","ppvisitednodes":{"value":1176,"limit":1000000},"revisionsize":{"value":2828,"limit":2097152},"postexpandincludesize":{"value":6533,"limit":2097152},"templateargumentsize":{"value":1361,"limit":2097152},"expansiondepth":{"value":14,"limit":100},"expensivefunctioncount":{"value":1,"limit":500},"unstrip-depth":{"value":0,"limit":20},"unstrip-size":{"value":2740,"limit":5000000},"entityaccesscount":{"value":0,"limit":500},"timingprofile":["100.00%  301.948      1 -total"," 76.81%  231.916      1 Template:Disambiguation"," 48.40%  146.150      1 Template:Dmbox"," 32.76%   98.906      1 Template:Namespace_detect"," 19.84%   59.907      1 Template:Wiktionary"," 18.91%   57.089      1 Template:Sister_project"," 18.10%   54.650      1 Template:Side_box"," 17.92%   54.108      1 Template:Disambiguation_page_short_description"," 17.31%   52.259      1 Template:Short_description"," 17.20%   51.924      5 Template:Main_other"]},"scribunto":{"limitreport-timeusage":{"value":"0.078","limit":"10.000"},"limitreport-memusage":{"value":1335407,"limit":52428800}},"cachereport":{"origin":"mw-api-ext.eqiad.main-f8c67c56-hs759","timestamp":"20250728151151","ttl":2592000,"transientcontent":false}}});});</script>
    <script type="application/ld+json">{"@context":"https:\/\/schema.org","@type":"Article","name":"Toledo","url":"https:\/\/en.wikipedia.org\/wiki\/Toledo","sameAs":"http:\/\/www.wikidata.org\/entity\/Q374202","mainEntity":"http:\/\/www.wikidata.org\/entity\/Q374202","author":{"@type":"Organization","name":"Contributors to Wikimedia projects"},"publisher":{"@type":"Organization","name":"Wikimedia Foundation, Inc.","logo":{"@type":"ImageObject","url":"https:\/\/www.wikimedia.org\/static\/images\/wmf-hor-googpub.png"}},"datePublished":"2002-10-17T14:33:25Z","dateModified":"2025-07-12T19:11:53Z","headline":"Wikimedia disambiguation page"}</script>
  </body>
</html>
  &amp#27;[32mAnd &amp#27;[0m&amp#27;[32mthe user sends a GET request to the provided URL&amp#27;[0m                    &amp#27;[90m# Steps.ApiSearchStepsDefinition.the_user_sends_a_get_request_to_the_provided_url()&amp#27;[0m
  &amp#27;[32mAnd &amp#27;[0m&amp#27;[32mthe response status code should be &amp#27;[0m&amp#27;[32m&amp#27;[1m200&amp#27;[0m                              &amp#27;[90m# Steps.ApiSearchStepsDefinition.the_response_status_code_should_be(int)&amp#27;[0m
]]></system-out>
  </testcase>
  <testcase name="runScenario[&quot;Search for &quot;Toledo&quot; on DuckDuckGo and verify Wikipedia page&quot;, &quot;Search and navigate to Wikipedia from DuckDuckGo&quot;](3)" classname="Runner.TestNGCucumberRunner" time="3.556">
    <system-out><![CDATA[
@ui
Scenario: Search for "Toledo" on DuckDuckGo and verify Wikipedia page      &amp#27;[90m# src/test/resources/Features/searchUI.feature:3&amp#27;[0m
  &amp#27;[32mGiven &amp#27;[0m&amp#27;[32mthe user is on the DuckDuckGo homepage&amp#27;[0m                             &amp#27;[90m# Steps.UISearchStepsDefinitions.the_user_is_on_the_duck_duck_go_homepage()&amp#27;[0m
  &amp#27;[32mWhen &amp#27;[0m&amp#27;[32mthe user searches for &amp#27;[0m&amp#27;[32m&amp#27;[1m"Toledo"&amp#27;[0m                                      &amp#27;[90m# Steps.UISearchStepsDefinitions.the_user_searches_for(java.lang.String)&amp#27;[0m
  &amp#27;[32mAnd &amp#27;[0m&amp#27;[32mthe user clicks on the &amp#27;[0m&amp#27;[32m&amp#27;[1m"wikipedia"&amp#27;[0m&amp#27;[32m link related to it&amp#27;[0m                &amp#27;[90m# Steps.UISearchStepsDefinitions.the_user_clicks_on_the_wikipedia_link_related_to_it(java.lang.String)&amp#27;[0m
  &amp#27;[32mThen &amp#27;[0m&amp#27;[32mthe user should see &amp#27;[0m&amp#27;[32m&amp#27;[1m"Toledo"&amp#27;[0m&amp#27;[32m in the title inside the Wikipedia page&amp#27;[0m &amp#27;[90m# Steps.UISearchStepsDefinitions.the_user_should_see_in_the_title_inside_the_wikipedia_page(java.lang.String)&amp#27;[0m
]]></system-out>
  </testcase>
</testsuite>